Info: Starting: Create block symbol file (.bsf)
Info: ip-generate --project-directory=C:/DE4_DDR2_UniPHY/ --output-directory=C:/DE4_DDR2_UniPHY/DE4_QSYS/ --report-file=bsf:C:/DE4_DDR2_UniPHY/DE4_QSYS.bsf --system-info=DEVICE_FAMILY="Stratix IV" --system-info=DEVICE=EP4SGX230KF40C2 --system-info=DEVICE_SPEEDGRADE=2 --component-file=C:/DE4_DDR2_UniPHY/DE4_QSYS.qsys
Progress: Loading DE4_DDR2_UniPHY/DE4_QSYS.qsys
Progress: Reading input file
Progress: Adding clk_50_bank3 [clock_source 12.1]
Progress: Parameterizing module clk_50_bank3
Progress: Adding onchip_memory [altera_avalon_onchip_memory2 12.1]
Progress: Parameterizing module onchip_memory
Progress: Adding mem_if_ddr2_emif [altera_mem_if_ddr2_emif 12.1]
Progress: Parameterizing module mem_if_ddr2_emif
Progress: Adding nios2_qsys [altera_nios2_qsys 12.1]
Progress: Parameterizing module nios2_qsys
Progress: Adding jtag_uart [altera_avalon_jtag_uart 12.1]
Progress: Parameterizing module jtag_uart
Progress: Adding sysid [altera_avalon_sysid_qsys 12.1]
Progress: Parameterizing module sysid
Progress: Adding timer [altera_avalon_timer 12.1]
Progress: Parameterizing module timer
Progress: Adding led [altera_avalon_pio 12.1]
Progress: Parameterizing module led
Progress: Adding button [altera_avalon_pio 12.1]
Progress: Parameterizing module button
Progress: Adding mm_clock_crossing_bridge_io [altera_avalon_mm_clock_crossing_bridge 12.1]
Progress: Parameterizing module mm_clock_crossing_bridge_io
Progress: Adding ddr2_i2c_scl [altera_avalon_pio 12.1]
Progress: Parameterizing module ddr2_i2c_scl
Progress: Adding ddr2_i2c_sda [altera_avalon_pio 12.1]
Progress: Parameterizing module ddr2_i2c_sda
Progress: Adding spi [altera_avalon_spi 12.1]
Progress: Parameterizing module spi
Progress: Adding mem_if_ddr2_emif_0 [altera_mem_if_ddr2_emif 12.1]
Progress: Parameterizing module mem_if_ddr2_emif_0
Progress: Adding clk_0_bank4 [clock_source 12.1]
Progress: Parameterizing module clk_0_bank4
Progress: Adding stored_interface_block_0 [stored_interface_block 1.0]
Progress: Parameterizing module stored_interface_block_0
Progress: Building connections
Progress: Parameterizing connections
Progress: Validating
Progress: Done reading input file
Info: DE4_QSYS.onchip_memory: Memory will be initialized from onchip_memory.hex
Info: DE4_QSYS.mem_if_ddr2_emif: Auto interface leveling mode set to 'Leveling'
Info: DE4_QSYS.nios2_qsys: CPUID control register value is 0. Please manually assign CPUID if creating multiple Nios II system
Info: DE4_QSYS.sysid: System ID is not assigned automatically. Edit the System ID parameter to provide a unique ID
Info: DE4_QSYS.sysid: Time stamp will be automatically updated when this component is generated.
Info: DE4_QSYS.button: PIO inputs are not hardwired in test bench. Undefined values will be read from PIO inputs during simulation.
Warning: DE4_QSYS.mem_if_ddr2_emif: mem_if_ddr2_emif.status must be exported, or connected to a matching conduit.
Info: ip-generate succeeded.
Info: Finished: Create block symbol file (.bsf)
Info: 
Info: Starting: Create HDL design files for synthesis
Info: ip-generate --project-directory=C:/DE4_DDR2_UniPHY/ --output-directory=C:/DE4_DDR2_UniPHY/DE4_QSYS/synthesis/ --file-set=QUARTUS_SYNTH --report-file=sopcinfo:C:/DE4_DDR2_UniPHY/DE4_QSYS.sopcinfo --report-file=html:C:/DE4_DDR2_UniPHY/DE4_QSYS.html --report-file=qip:C:/DE4_DDR2_UniPHY/DE4_QSYS/synthesis/DE4_QSYS.qip --report-file=cmp:C:/DE4_DDR2_UniPHY/DE4_QSYS.cmp --system-info=DEVICE_FAMILY="Stratix IV" --system-info=DEVICE=EP4SGX230KF40C2 --system-info=DEVICE_SPEEDGRADE=2 --component-file=C:/DE4_DDR2_UniPHY/DE4_QSYS.qsys
Progress: Loading DE4_DDR2_UniPHY/DE4_QSYS.qsys
Progress: Reading input file
Progress: Adding clk_50_bank3 [clock_source 12.1]
Progress: Parameterizing module clk_50_bank3
Progress: Adding onchip_memory [altera_avalon_onchip_memory2 12.1]
Progress: Parameterizing module onchip_memory
Progress: Adding mem_if_ddr2_emif [altera_mem_if_ddr2_emif 12.1]
Progress: Parameterizing module mem_if_ddr2_emif
Progress: Adding nios2_qsys [altera_nios2_qsys 12.1]
Progress: Parameterizing module nios2_qsys
Progress: Adding jtag_uart [altera_avalon_jtag_uart 12.1]
Progress: Parameterizing module jtag_uart
Progress: Adding sysid [altera_avalon_sysid_qsys 12.1]
Progress: Parameterizing module sysid
Progress: Adding timer [altera_avalon_timer 12.1]
Progress: Parameterizing module timer
Progress: Adding led [altera_avalon_pio 12.1]
Progress: Parameterizing module led
Progress: Adding button [altera_avalon_pio 12.1]
Progress: Parameterizing module button
Progress: Adding mm_clock_crossing_bridge_io [altera_avalon_mm_clock_crossing_bridge 12.1]
Progress: Parameterizing module mm_clock_crossing_bridge_io
Progress: Adding ddr2_i2c_scl [altera_avalon_pio 12.1]
Progress: Parameterizing module ddr2_i2c_scl
Progress: Adding ddr2_i2c_sda [altera_avalon_pio 12.1]
Progress: Parameterizing module ddr2_i2c_sda
Progress: Adding spi [altera_avalon_spi 12.1]
Progress: Parameterizing module spi
Progress: Adding mem_if_ddr2_emif_0 [altera_mem_if_ddr2_emif 12.1]
Progress: Parameterizing module mem_if_ddr2_emif_0
Progress: Adding clk_0_bank4 [clock_source 12.1]
Progress: Parameterizing module clk_0_bank4
Progress: Adding stored_interface_block_0 [stored_interface_block 1.0]
Progress: Parameterizing module stored_interface_block_0
Progress: Building connections
Progress: Parameterizing connections
Progress: Validating
Progress: Done reading input file
Info: DE4_QSYS.onchip_memory: Memory will be initialized from onchip_memory.hex
Info: DE4_QSYS.mem_if_ddr2_emif: Auto interface leveling mode set to 'Leveling'
Info: DE4_QSYS.nios2_qsys: CPUID control register value is 0. Please manually assign CPUID if creating multiple Nios II system
Info: DE4_QSYS.sysid: System ID is not assigned automatically. Edit the System ID parameter to provide a unique ID
Info: DE4_QSYS.sysid: Time stamp will be automatically updated when this component is generated.
Info: DE4_QSYS.button: PIO inputs are not hardwired in test bench. Undefined values will be read from PIO inputs during simulation.
Warning: DE4_QSYS.mem_if_ddr2_emif: mem_if_ddr2_emif.status must be exported, or connected to a matching conduit.
Info: DE4_QSYS: Generating DE4_QSYS "DE4_QSYS" for QUARTUS_SYNTH
Info: pipeline_bridge_swap_transform: After transform: 12 modules, 46 connections
Info: No custom instruction connections, skipping transform 
Info: merlin_translator_transform: After transform: 26 modules, 88 connections
Info: merlin_domain_transform: After transform: 58 modules, 239 connections
Info: merlin_router_transform: After transform: 72 modules, 281 connections
Info: merlin_traffic_limiter_transform: After transform: 75 modules, 293 connections
Info: merlin_burst_transform: After transform: 84 modules, 320 connections
Info: reset_adaptation_transform: After transform: 87 modules, 326 connections
Info: merlin_network_to_switch_transform: After transform: 114 modules, 390 connections
Info: merlin_width_transform: After transform: 116 modules, 396 connections
Info: Inserting clock-crossing logic between cmd_xbar_demux_001.src3 and cmd_xbar_mux_003.sink0
Info: Inserting clock-crossing logic between cmd_xbar_demux_001.src4 and cmd_xbar_mux_004.sink0
Info: Inserting clock-crossing logic between cmd_xbar_demux_001.src5 and cmd_xbar_mux_005.sink0
Info: Inserting clock-crossing logic between cmd_xbar_demux_001.src6 and cmd_xbar_mux_006.sink0
Info: Inserting clock-crossing logic between cmd_xbar_demux_001.src7 and cmd_xbar_mux_007.sink0
Info: Inserting clock-crossing logic between cmd_xbar_demux_001.src8 and cmd_xbar_mux_008.sink0
Info: Inserting clock-crossing logic between cmd_xbar_demux_003.src0 and cmd_xbar_mux_004.sink1
Info: Inserting clock-crossing logic between cmd_xbar_demux_003.src1 and cmd_xbar_mux_005.sink1
Info: Inserting clock-crossing logic between cmd_xbar_demux_003.src2 and cmd_xbar_mux_006.sink1
Info: Inserting clock-crossing logic between cmd_xbar_demux_003.src3 and cmd_xbar_mux_007.sink1
Info: Inserting clock-crossing logic between cmd_xbar_demux_003.src4 and cmd_xbar_mux_008.sink1
Info: Inserting clock-crossing logic between rsp_xbar_demux_003.src0 and rsp_xbar_mux_001.sink3
Info: Inserting clock-crossing logic between rsp_xbar_demux_004.src0 and rsp_xbar_mux_001.sink4
Info: Inserting clock-crossing logic between rsp_xbar_demux_004.src1 and rsp_xbar_mux_003.sink0
Info: Inserting clock-crossing logic between rsp_xbar_demux_005.src0 and rsp_xbar_mux_001.sink5
Info: Inserting clock-crossing logic between rsp_xbar_demux_005.src1 and rsp_xbar_mux_003.sink1
Info: Inserting clock-crossing logic between rsp_xbar_demux_006.src0 and rsp_xbar_mux_001.sink6
Info: Inserting clock-crossing logic between rsp_xbar_demux_006.src1 and rsp_xbar_mux_003.sink2
Info: Inserting clock-crossing logic between rsp_xbar_demux_007.src0 and rsp_xbar_mux_001.sink7
Info: Inserting clock-crossing logic between rsp_xbar_demux_007.src1 and rsp_xbar_mux_003.sink3
Info: Inserting clock-crossing logic between rsp_xbar_demux_008.src0 and rsp_xbar_mux_001.sink8
Info: Inserting clock-crossing logic between rsp_xbar_demux_008.src1 and rsp_xbar_mux_003.sink4
Info: com_altera_sopcmodel_transforms_avalon_ClockCrossingTransform: After transform: 138 modules, 506 connections
Info: limiter_update_transform: After transform: 138 modules, 509 connections
Info: merlin_interrupt_mapper_transform: After transform: 139 modules, 512 connections
Info: merlin_interrupt_sync_transform: After transform: 141 modules, 522 connections
Info: Starting classic module elaboration.
"c:/altera/12.1/quartus/bin/jre/bin/java.exe" -Xmx512M -classpath "c:/altera/12.1/quartus/sopc_builder/bin/sopc_builder.jar;c:/altera/12.1/quartus/sopc_builder/bin/PinAssigner.jar;c:/altera/12.1/quartus/sopc_builder/bin/sopc_wizard.jar;c:/altera/12.1/quartus/sopc_builder/bin/jptf.jar" sopc_builder.sopc_builder  -d"c:/altera/12.1/quartus/sopc_builder" -notalkback=1 -projectnameyysystem.qpf -projectpathC:/Users/dominiho/AppData/Local/Temp/alt5686_2349218603028850686.dir/0001_sopclgen  --no_splash --refresh C:/Users/dominiho/AppData/Local/Temp/alt5686_2349218603028850686.dir/0001_sopclgen/yysystem.v --quartus_dir="c:/altera/12.1/quartus" --sopc_perl="c:/altera/12.1/quartus/bin/perl" --sopc_lib_path="++c:/altera/12.1/quartus/../ip/altera/sopc_builder_ip+c:/altera/12.1/quartus/../ip/altera/nios2_ip"
Info: Finished elaborating classic module.
Executing: C:/altera/12.1/quartus//sopc_builder/bin/sopc_builder --classic --generate C:/Users/dominiho/AppData/Local/Temp/alt5686_2349218603028850686.dir/0001_sopclgen/yysystem.ptf
Info: Running sopc_builder...
      0 [main] perl (5044) C:\altera\12.1\quartus\bin\cygwin\bin\perl.exe: *** fatal error - cygheap base mismatch detected - 0x612708D0/0xA208D0.
This problem is probably due to using incompatible versions of the cygwin DLL.
Search for cygwin1.dll using the Windows Start->Find/Search facility
and delete all but the most recent version.  The most recent version *should*
reside in x:\cygwin\bin, where 'x' is the drive on which you have
installed the cygwin distribution.  Rebooting is also suggested if you
are unable to find another cygwin DLL.
C:/altera/12.1/quartus/sopc_builder/bin/sopc_builder: line 2:  3644 Segmentation fault      perl "${0}_classic.pl" "-this=`dirname \"$0\"`" "$@"
Info: onchip_memory: "DE4_QSYS" instantiated altera_avalon_onchip_memory2 "onchip_memory"
Info: pipeline_bridge_swap_transform: After transform: 14 modules, 33 connections
Info: No custom instruction connections, skipping transform 
Info: No Avalon connections, skipping transform 
Info: No Avalon connections, skipping transform 
Info: mem_if_ddr2_emif: "DE4_QSYS" instantiated altera_mem_if_ddr2_emif "mem_if_ddr2_emif"
Info: nios2_qsys: Starting RTL generation for module 'DE4_QSYS_nios2_qsys'
Info: nios2_qsys:   Generation command is [exec C:/altera/12.1/quartus/../ip/altera/nios2_ip/altera_nios2/eperl.exe -I C:/altera/12.1/quartus/common/ip/altera/common/perl/5.8.3 -I C:/altera/12.1/quartus/sopc_builder/bin/europa -I C:/altera/12.1/quartus/sopc_builder/bin/perl_lib -I C:/altera/12.1/quartus/sopc_builder/bin -I C:/altera/12.1/quartus/../ip/altera/nios2_ip/altera_nios2/cpu_lib -I C:/altera/12.1/quartus/../ip/altera/nios2_ip/altera_nios2/nios_lib -I C:/altera/12.1/quartus/../ip/altera/nios2_ip/altera_nios2 -I C:/altera/12.1/quartus/../ip/altera/nios2_ip/altera_nios2 -- C:/altera/12.1/quartus/../ip/altera/nios2_ip/altera_nios2/generate_rtl.epl --name=DE4_QSYS_nios2_qsys --dir=C:/Users/dominiho/AppData/Local/Temp/alt5686_2349218603028850686.dir/0002_nios2_qsys_gen/ --quartus_dir=C:/altera/12.1/quartus --verilog --config=C:/Users/dominiho/AppData/Local/Temp/alt5686_2349218603028850686.dir/0002_nios2_qsys_gen//DE4_QSYS_nios2_qsys_processor_configuration.pl  --do_build_sim=0    --bogus  ]
Info: nios2_qsys: # 2012.12.12 10:13:52 (*) Starting Nios II generation
Info: nios2_qsys: # 2012.12.12 10:13:52 (*)   Checking for plaintext license.
Info: nios2_qsys: # 2012.12.12 10:13:53 (*)   Plaintext license not found.
Info: nios2_qsys: # 2012.12.12 10:13:53 (*)   Checking for encrypted license (non-evaluation).
Info: nios2_qsys: # 2012.12.12 10:13:54 (*)   Encrypted license found.  SOF will not be time-limited.
Info: nios2_qsys: # 2012.12.12 10:13:54 (*)   Elaborating CPU configuration settings
Info: nios2_qsys: # 2012.12.12 10:13:54 (*)   Creating all objects for CPU
Info: nios2_qsys: # 2012.12.12 10:13:54 (*)     Testbench
Info: nios2_qsys: # 2012.12.12 10:13:54 (*)     Instruction decoding
Info: nios2_qsys: # 2012.12.12 10:13:54 (*)       Instruction fields
Info: nios2_qsys: # 2012.12.12 10:13:54 (*)       Instruction decodes
Info: nios2_qsys: # 2012.12.12 10:13:55 (*)       Signals for RTL simulation waveforms
Info: nios2_qsys: # 2012.12.12 10:13:55 (*)       Instruction controls
Info: nios2_qsys: # 2012.12.12 10:13:55 (*)     Pipeline frontend
Info: nios2_qsys: # 2012.12.12 10:13:55 (*)     Pipeline backend
Info: nios2_qsys: # 2012.12.12 10:13:58 (*)   Generating RTL from CPU objects
Info: nios2_qsys: # 2012.12.12 10:14:02 (*)   Creating encrypted RTL
Info: nios2_qsys: # 2012.12.12 10:14:04 (*) Done Nios II generation
Info: nios2_qsys: Done RTL generation for module 'DE4_QSYS_nios2_qsys'
Info: nios2_qsys: "DE4_QSYS" instantiated altera_nios2_qsys "nios2_qsys"
Info: Starting classic module elaboration.
"c:/altera/12.1/quartus/bin/jre/bin/java.exe" -Xmx512M -classpath "c:/altera/12.1/quartus/sopc_builder/bin/sopc_builder.jar;c:/altera/12.1/quartus/sopc_builder/bin/PinAssigner.jar;c:/altera/12.1/quartus/sopc_builder/bin/sopc_wizard.jar;c:/altera/12.1/quartus/sopc_builder/bin/jptf.jar" sopc_builder.sopc_builder  -d"c:/altera/12.1/quartus/sopc_builder" -notalkback=1 -projectnameyysystem.qpf -projectpathC:/Users/dominiho/AppData/Local/Temp/alt5686_2349218603028850686.dir/0003_sopclgen  --no_splash --refresh C:/Users/dominiho/AppData/Local/Temp/alt5686_2349218603028850686.dir/0003_sopclgen/yysystem.v --quartus_dir="c:/altera/12.1/quartus" --sopc_perl="c:/altera/12.1/quartus/bin/perl" --sopc_lib_path="++c:/altera/12.1/quartus/../ip/altera/sopc_builder_ip+c:/altera/12.1/quartus/../ip/altera/nios2_ip"
Info: Finished elaborating classic module.
Executing: C:/altera/12.1/quartus//sopc_builder/bin/sopc_builder --classic --generate C:/Users/dominiho/AppData/Local/Temp/alt5686_2349218603028850686.dir/0003_sopclgen/yysystem.ptf
Info: Running sopc_builder...
      0 [main] perl (2332) C:\altera\12.1\quartus\bin\cygwin\bin\perl.exe: *** fatal error - cygheap base mismatch detected - 0x612708D0/0xA008D0.
This problem is probably due to using incompatible versions of the cygwin DLL.
Search for cygwin1.dll using the Windows Start->Find/Search facility
and delete all but the most recent version.  The most recent version *should*
reside in x:\cygwin\bin, where 'x' is the drive on which you have
installed the cygwin distribution.  Rebooting is also suggested if you
are unable to find another cygwin DLL.
C:/altera/12.1/quartus/sopc_builder/bin/sopc_builder: line 2:  4884 Segmentation fault      perl "${0}_classic.pl" "-this=`dirname \"$0\"`" "$@"
Info: jtag_uart: "DE4_QSYS" instantiated altera_avalon_jtag_uart "jtag_uart"
Info: sysid: "DE4_QSYS" instantiated altera_avalon_sysid_qsys "sysid"
Info: Starting classic module elaboration.
"c:/altera/12.1/quartus/bin/jre/bin/java.exe" -Xmx512M -classpath "c:/altera/12.1/quartus/sopc_builder/bin/sopc_builder.jar;c:/altera/12.1/quartus/sopc_builder/bin/PinAssigner.jar;c:/altera/12.1/quartus/sopc_builder/bin/sopc_wizard.jar;c:/altera/12.1/quartus/sopc_builder/bin/jptf.jar" sopc_builder.sopc_builder  -d"c:/altera/12.1/quartus/sopc_builder" -notalkback=1 -projectnameyysystem.qpf -projectpathC:/Users/dominiho/AppData/Local/Temp/alt5686_2349218603028850686.dir/0005_sopclgen  --no_splash --refresh C:/Users/dominiho/AppData/Local/Temp/alt5686_2349218603028850686.dir/0005_sopclgen/yysystem.v --quartus_dir="c:/altera/12.1/quartus" --sopc_perl="c:/altera/12.1/quartus/bin/perl" --sopc_lib_path="++c:/altera/12.1/quartus/../ip/altera/sopc_builder_ip+c:/altera/12.1/quartus/../ip/altera/nios2_ip"
Info: Finished elaborating classic module.
Executing: C:/altera/12.1/quartus//sopc_builder/bin/sopc_builder --classic --generate C:/Users/dominiho/AppData/Local/Temp/alt5686_2349218603028850686.dir/0005_sopclgen/yysystem.ptf
Info: Running sopc_builder...
      0 [main] perl (4468) C:\altera\12.1\quartus\bin\cygwin\bin\perl.exe: *** fatal error - cygheap base mismatch detected - 0x612708D0/0xA208D0.
This problem is probably due to using incompatible versions of the cygwin DLL.
Search for cygwin1.dll using the Windows Start->Find/Search facility
and delete all but the most recent version.  The most recent version *should*
reside in x:\cygwin\bin, where 'x' is the drive on which you have
installed the cygwin distribution.  Rebooting is also suggested if you
are unable to find another cygwin DLL.
C:/altera/12.1/quartus/sopc_builder/bin/sopc_builder: line 2:  5812 Segmentation fault      perl "${0}_classic.pl" "-this=`dirname \"$0\"`" "$@"
Info: timer: "DE4_QSYS" instantiated altera_avalon_timer "timer"
Info: Starting classic module elaboration.
"c:/altera/12.1/quartus/bin/jre/bin/java.exe" -Xmx512M -classpath "c:/altera/12.1/quartus/sopc_builder/bin/sopc_builder.jar;c:/altera/12.1/quartus/sopc_builder/bin/PinAssigner.jar;c:/altera/12.1/quartus/sopc_builder/bin/sopc_wizard.jar;c:/altera/12.1/quartus/sopc_builder/bin/jptf.jar" sopc_builder.sopc_builder  -d"c:/altera/12.1/quartus/sopc_builder" -notalkback=1 -projectnameyysystem.qpf -projectpathC:/Users/dominiho/AppData/Local/Temp/alt5686_2349218603028850686.dir/0006_sopclgen  --no_splash --refresh C:/Users/dominiho/AppData/Local/Temp/alt5686_2349218603028850686.dir/0006_sopclgen/yysystem.v --quartus_dir="c:/altera/12.1/quartus" --sopc_perl="c:/altera/12.1/quartus/bin/perl" --sopc_lib_path="++c:/altera/12.1/quartus/../ip/altera/sopc_builder_ip+c:/altera/12.1/quartus/../ip/altera/nios2_ip"
Info: Finished elaborating classic module.
Executing: C:/altera/12.1/quartus//sopc_builder/bin/sopc_builder --classic --generate C:/Users/dominiho/AppData/Local/Temp/alt5686_2349218603028850686.dir/0006_sopclgen/yysystem.ptf
Info: Running sopc_builder...
      0 [main] perl (648) C:\altera\12.1\quartus\bin\cygwin\bin\perl.exe: *** fatal error - cygheap base mismatch detected - 0x612708D0/0x7908D0.
This problem is probably due to using incompatible versions of the cygwin DLL.
Search for cygwin1.dll using the Windows Start->Find/Search facility
and delete all but the most recent version.  The most recent version *should*
reside in x:\cygwin\bin, where 'x' is the drive on which you have
installed the cygwin distribution.  Rebooting is also suggested if you
are unable to find another cygwin DLL.
C:/altera/12.1/quartus/sopc_builder/bin/sopc_builder: line 2:   600 Segmentation fault      perl "${0}_classic.pl" "-this=`dirname \"$0\"`" "$@"
Info: led: "DE4_QSYS" instantiated altera_avalon_pio "led"
Info: Starting classic module elaboration.
"c:/altera/12.1/quartus/bin/jre/bin/java.exe" -Xmx512M -classpath "c:/altera/12.1/quartus/sopc_builder/bin/sopc_builder.jar;c:/altera/12.1/quartus/sopc_builder/bin/PinAssigner.jar;c:/altera/12.1/quartus/sopc_builder/bin/sopc_wizard.jar;c:/altera/12.1/quartus/sopc_builder/bin/jptf.jar" sopc_builder.sopc_builder  -d"c:/altera/12.1/quartus/sopc_builder" -notalkback=1 -projectnameyysystem.qpf -projectpathC:/Users/dominiho/AppData/Local/Temp/alt5686_2349218603028850686.dir/0007_sopclgen  --no_splash --refresh C:/Users/dominiho/AppData/Local/Temp/alt5686_2349218603028850686.dir/0007_sopclgen/yysystem.v --quartus_dir="c:/altera/12.1/quartus" --sopc_perl="c:/altera/12.1/quartus/bin/perl" --sopc_lib_path="++c:/altera/12.1/quartus/../ip/altera/sopc_builder_ip+c:/altera/12.1/quartus/../ip/altera/nios2_ip"
Info: Finished elaborating classic module.
Executing: C:/altera/12.1/quartus//sopc_builder/bin/sopc_builder --classic --generate C:/Users/dominiho/AppData/Local/Temp/alt5686_2349218603028850686.dir/0007_sopclgen/yysystem.ptf
Info: Running sopc_builder...
      0 [main] perl (2124) C:\altera\12.1\quartus\bin\cygwin\bin\perl.exe: *** fatal error - cygheap base mismatch detected - 0x612708D0/0xA008D0.
This problem is probably due to using incompatible versions of the cygwin DLL.
Search for cygwin1.dll using the Windows Start->Find/Search facility
and delete all but the most recent version.  The most recent version *should*
reside in x:\cygwin\bin, where 'x' is the drive on which you have
installed the cygwin distribution.  Rebooting is also suggested if you
are unable to find another cygwin DLL.
C:/altera/12.1/quartus/sopc_builder/bin/sopc_builder: line 2:  5656 Segmentation fault      perl "${0}_classic.pl" "-this=`dirname \"$0\"`" "$@"
Info: button: "DE4_QSYS" instantiated altera_avalon_pio "button"
Info: mm_clock_crossing_bridge_io: "DE4_QSYS" instantiated altera_avalon_mm_clock_crossing_bridge "mm_clock_crossing_bridge_io"
Info: Starting classic module elaboration.
"c:/altera/12.1/quartus/bin/jre/bin/java.exe" -Xmx512M -classpath "c:/altera/12.1/quartus/sopc_builder/bin/sopc_builder.jar;c:/altera/12.1/quartus/sopc_builder/bin/PinAssigner.jar;c:/altera/12.1/quartus/sopc_builder/bin/sopc_wizard.jar;c:/altera/12.1/quartus/sopc_builder/bin/jptf.jar" sopc_builder.sopc_builder  -d"c:/altera/12.1/quartus/sopc_builder" -notalkback=1 -projectnameyysystem.qpf -projectpathC:/Users/dominiho/AppData/Local/Temp/alt5686_2349218603028850686.dir/0008_sopclgen  --no_splash --refresh C:/Users/dominiho/AppData/Local/Temp/alt5686_2349218603028850686.dir/0008_sopclgen/yysystem.v --quartus_dir="c:/altera/12.1/quartus" --sopc_perl="c:/altera/12.1/quartus/bin/perl" --sopc_lib_path="++c:/altera/12.1/quartus/../ip/altera/sopc_builder_ip+c:/altera/12.1/quartus/../ip/altera/nios2_ip"
Info: Finished elaborating classic module.
Executing: C:/altera/12.1/quartus//sopc_builder/bin/sopc_builder --classic --generate C:/Users/dominiho/AppData/Local/Temp/alt5686_2349218603028850686.dir/0008_sopclgen/yysystem.ptf
Info: Running sopc_builder...
      0 [main] perl (4784) C:\altera\12.1\quartus\bin\cygwin\bin\perl.exe: *** fatal error - cygheap base mismatch detected - 0x612708D0/0xBC08D0.
This problem is probably due to using incompatible versions of the cygwin DLL.
Search for cygwin1.dll using the Windows Start->Find/Search facility
and delete all but the most recent version.  The most recent version *should*
reside in x:\cygwin\bin, where 'x' is the drive on which you have
installed the cygwin distribution.  Rebooting is also suggested if you
are unable to find another cygwin DLL.
C:/altera/12.1/quartus/sopc_builder/bin/sopc_builder: line 2:   524 Segmentation fault      perl "${0}_classic.pl" "-this=`dirname \"$0\"`" "$@"
Info: spi: "DE4_QSYS" instantiated altera_avalon_spi "spi"
Info: stored_interface_block_0: "DE4_QSYS" instantiated stored_interface_block "stored_interface_block_0"
Info: nios2_qsys_instruction_master_translator: "DE4_QSYS" instantiated altera_merlin_master_translator "nios2_qsys_instruction_master_translator"
Info: nios2_qsys_jtag_debug_module_translator: "DE4_QSYS" instantiated altera_merlin_slave_translator "nios2_qsys_jtag_debug_module_translator"
Info: nios2_qsys_instruction_master_translator_avalon_universal_master_0_agent: "DE4_QSYS" instantiated altera_merlin_master_agent "nios2_qsys_instruction_master_translator_avalon_universal_master_0_agent"
Info: nios2_qsys_jtag_debug_module_translator_avalon_universal_slave_0_agent: "DE4_QSYS" instantiated altera_merlin_slave_agent "nios2_qsys_jtag_debug_module_translator_avalon_universal_slave_0_agent"
Info: nios2_qsys_jtag_debug_module_translator_avalon_universal_slave_0_agent_rsp_fifo: "DE4_QSYS" instantiated altera_avalon_sc_fifo "nios2_qsys_jtag_debug_module_translator_avalon_universal_slave_0_agent_rsp_fifo"
Info: addr_router: "DE4_QSYS" instantiated altera_merlin_router "addr_router"
Info: addr_router_001: "DE4_QSYS" instantiated altera_merlin_router "addr_router_001"
Info: addr_router_002: "DE4_QSYS" instantiated altera_merlin_router "addr_router_002"
Info: addr_router_003: "DE4_QSYS" instantiated altera_merlin_router "addr_router_003"
Info: id_router: "DE4_QSYS" instantiated altera_merlin_router "id_router"
Info: id_router_002: "DE4_QSYS" instantiated altera_merlin_router "id_router_002"
Info: id_router_004: "DE4_QSYS" instantiated altera_merlin_router "id_router_004"
Info: id_router_009: "DE4_QSYS" instantiated altera_merlin_router "id_router_009"
Info: limiter: "DE4_QSYS" instantiated altera_merlin_traffic_limiter "limiter"
Info: burst_adapter: "DE4_QSYS" instantiated altera_merlin_burst_adapter "burst_adapter"
Info: rst_controller: "DE4_QSYS" instantiated altera_reset_controller "rst_controller"
Info: cmd_xbar_demux: "DE4_QSYS" instantiated altera_merlin_demultiplexer "cmd_xbar_demux"
Info: cmd_xbar_demux_001: "DE4_QSYS" instantiated altera_merlin_demultiplexer "cmd_xbar_demux_001"
Info: cmd_xbar_demux_002: "DE4_QSYS" instantiated altera_merlin_demultiplexer "cmd_xbar_demux_002"
Info: cmd_xbar_demux_003: "DE4_QSYS" instantiated altera_merlin_demultiplexer "cmd_xbar_demux_003"
Info: cmd_xbar_mux: "DE4_QSYS" instantiated altera_merlin_multiplexer "cmd_xbar_mux"
Info: cmd_xbar_mux_009: "DE4_QSYS" instantiated altera_merlin_multiplexer "cmd_xbar_mux_009"
Info: Reusing file C:/DE4_DDR2_UniPHY/DE4_QSYS/synthesis/submodules/altera_merlin_arbitrator.sv
Info: rsp_xbar_demux: "DE4_QSYS" instantiated altera_merlin_demultiplexer "rsp_xbar_demux"
Info: rsp_xbar_mux: "DE4_QSYS" instantiated altera_merlin_multiplexer "rsp_xbar_mux"
Info: Reusing file C:/DE4_DDR2_UniPHY/DE4_QSYS/synthesis/submodules/altera_merlin_arbitrator.sv
Info: rsp_xbar_mux_001: "DE4_QSYS" instantiated altera_merlin_multiplexer "rsp_xbar_mux_001"
Info: Reusing file C:/DE4_DDR2_UniPHY/DE4_QSYS/synthesis/submodules/altera_merlin_arbitrator.sv
Info: rsp_xbar_mux_003: "DE4_QSYS" instantiated altera_merlin_multiplexer "rsp_xbar_mux_003"
Info: Reusing file C:/DE4_DDR2_UniPHY/DE4_QSYS/synthesis/submodules/altera_merlin_arbitrator.sv
Info: width_adapter: "DE4_QSYS" instantiated altera_merlin_width_adapter "width_adapter"
Info: Reusing file C:/DE4_DDR2_UniPHY/DE4_QSYS/synthesis/submodules/altera_merlin_burst_uncompressor.sv
Info: Reusing file C:/DE4_DDR2_UniPHY/DE4_QSYS/synthesis/submodules/altera_merlin_address_alignment.sv
Info: crosser: "DE4_QSYS" instantiated altera_avalon_st_handshake_clock_crosser "crosser"
Info: Reusing file C:/DE4_DDR2_UniPHY/DE4_QSYS/synthesis/submodules/altera_avalon_st_pipeline_base.v
Info: irq_mapper: "DE4_QSYS" instantiated altera_irq_mapper "irq_mapper"
Info: irq_synchronizer: "DE4_QSYS" instantiated altera_irq_clock_crosser "irq_synchronizer"
Info: pll0: "mem_if_ddr2_emif" instantiated altera_mem_if_ddr2_pll "pll0"
Info: p0: Generating clock pair generator
Info: p0: Generating DE4_QSYS_mem_if_ddr2_emif_p0_altdqdqs
Info: p0: 
Info: p0: *****************************
Info: p0: 
Info: p0: Remember to run the DE4_QSYS_mem_if_ddr2_emif_p0_pin_assignments.tcl
Info: p0: script after running Synthesis and before Fitting.
Info: p0: 
Info: p0: *****************************
Info: p0: 
Info: p0: "mem_if_ddr2_emif" instantiated altera_mem_if_ddr2_phy_core "p0"
Info: m0: "mem_if_ddr2_emif" instantiated altera_mem_if_ddr2_afi_mux "m0"
Error: s0: Error during execution of "{C:/altera/12.1/quartus/../nios2eds/Nios II Command Shell.bat} make all 2>> stderr.txt": child process exited abnormally
Error: s0: Execution of command "{C:/altera/12.1/quartus/../nios2eds/Nios II Command Shell.bat} make all 2>> stderr.txt" failed
Error: s0: ]2;Altera Nios II EDS 12.1 [gcc4]C:/altera/12.1/quartus/bin/uniphy_mcc -ac_code sequencer_mc/ac_rom.s -inst_code sequencer_mc/inst_rom.s -ac_rom ../DE4_QSYS_mem_if_ddr2_emif_s0_AC_ROM.hex -inst_rom ../DE4_QSYS_mem_if_ddr2_emif_s0_inst_ROM.hex -header sequencer/sequencer_auto.h -vheader ../sequencer_auto_h.sv -ac_rom_init sequencer/sequencer_auto_ac_init.c -inst_rom_init sequencer/sequencer_auto_inst_init.c -DAC_ROM_MR0=0101001100011 -DAC_ROM_MR0_CALIB=0101001100011 -DAC_ROM_MR0_DLL_RESET=0101101100011 -DAC_ROM_MR1=0000001000100 -DAC_ROM_MR1_OCD_ENABLE=0001111000100 -DAC_ROM_MR2=0000010000000 -DAC_ROM_MR3=0000000000000 -DAC_ROM_MR0_MIRR= -DAC_ROM_MR0_DLL_RESET_MIRR= -DAC_ROM_MR1_MIRR= -DAC_ROM_MR2_MIRR= -DAC_ROM_MR3_MIRR= -DQUARTER_RATE=0 -DHALF_RATE=1 -DFULL_RATE=0 -DGUARANTEED_READ_BRINGUP_TEST=0 -DMEM_ADDR_WIDTH=13 -DHARD_PHY=0
Error: s0: UniPHY Sequencer Microcode Compiler
Error: s0: Copyright (C) 1991-2010 Altera Corporation
Error: s0: Info: Reading sequencer_mc/ac_rom.s ...
Error: s0: Info: Reading sequencer_mc/inst_rom.s ...
Error: s0: Info: Writing ../DE4_QSYS_mem_if_ddr2_emif_s0_AC_ROM.hex ...
Error: s0: Info: Writing ../DE4_QSYS_mem_if_ddr2_emif_s0_inst_ROM.hex ...
Error: s0: Info: Writing sequencer/sequencer_auto_ac_init.c ...
Error: s0: Info: Writing sequencer/sequencer_auto_inst_init.c ...
Error: s0: Info: Writing sequencer/sequencer_auto.h ...
Error: s0: Info: Writing sequencer/sequencer_auto.h ...
Error: s0: Info: Writing ../sequencer_auto_h.sv ...
Error: s0: Info: Microcode compilation successful
Error: s0: C:/altera/12.1/quartus/../nios2eds/sdk2/bin/nios2-bsp hal sequencer_bsp .. --default_sections_mapping sequencer_mem --use_bootloader DONT_CHANGE
Error: s0: nios2-bsp: Using C:/altera/12.1/nios2eds/sdk2/bin/bsp-set-defaults.tcl to set system-dependent settings.
Error: s0: nios2-bsp: Updating existing BSP because sequencer_bsp/settings.bsp exists.
Error: s0: nios2-bsp: Using SOPC design file ../pre_compile.sopcinfo found in ..
Error: s0: nios2-bsp: Running "nios2-bsp-update-settings --settings sequencer_bsp/settings.bsp --bsp-dir sequencer_bsp --sopc ../pre_compile.sopcinfo --script C:/altera/12.1/nios2eds/sdk2/bin/bsp-set-defaults.tcl default_sections_mapping sequencer_mem use_bootloader DONT_CHANGE "
Error: s0: INFO: Updating BSP settings...
Error: s0: INFO: nios2-bsp-update-settings --settings sequencer_bsp/settings.bsp --bsp-dir sequencer_bsp --sopc ../pre_compile.sopcinfo --script C:/altera/12.1/nios2eds/sdk2/bin/bsp-set-defaults.tcl default_sections_mapping sequencer_mem use_bootloader DONT_CHANGE
Error: s0: INFO: Initializing BSP components...
Error: s0: INFO: Finished initializing BSP components. Total time taken = 2 seconds
Error: s0: INFO: Searching for BSP components with category: os_software_element
Error: s0: INFO: Initializing SOPC project local software IP
Error: s0: INFO: [Info] C:/Users/dominiho/AppData/Local/Temp/alt5686_2349218603028850686.dir/0033_s0_gen/qsys_pre_compile/* matched 5 files in 0.00 seconds
Error: s0: INFO: [Info] C:/Users/dominiho/AppData/Local/Temp/alt5686_2349218603028850686.dir/0033_s0_gen/qsys_pre_compile/*/*_sw.tcl matched 0 files in 0.00 seconds
Error: s0: INFO: [Info] C:/Users/dominiho/AppData/Local/Temp/alt5686_2349218603028850686.dir/0033_s0_gen/qsys_pre_compile/ip/**/*_sw.tcl matched 0 files in 0.00 seconds
Error: s0: INFO: [Info] C:/Users/dominiho/AppData/Local/Temp/alt5686_2349218603028850686.dir/0033_s0_gen/ip/**/*_sw.tcl matched 0 files in 0.00 seconds
Error: s0: INFO: Finished initializing SOPC project local software IP. Total time taken = 2 seconds
Error: s0: INFO: Searching for BSP components with category: driver_element
Error: s0: INFO: Searching for BSP components with category: software_package_element
Error: s0: INFO: Loading drivers from ensemble report.
Error: s0: INFO: Finished loading drivers from ensemble report.
Error: s0: INFO: Tcl message: "No STDIO character device"
Error: s0: INFO: Tcl message: "No system timer device"
Error: s0: INFO: Tcl message: "Default linker sections mapped to sequencer_mem"
Error: s0: INFO: Default memory regions will not be persisted in BSP Settings File.
Error: s0: INFO: Generated file "C:\Users\dominiho\AppData\Local\Temp\alt5686_2349218603028850686.dir\0033_s0_gen\qsys_pre_compile\DE4_QSYS_mem_if_ddr2_emif_s0_software\sequencer_bsp\settings.bsp"
Error: s0: INFO: BSP settings updated
Error: s0: INFO: Generating BSP files...
Error: s0: INFO: Generating BSP files in "C:\Users\dominiho\AppData\Local\Temp\alt5686_2349218603028850686.dir\0033_s0_gen\qsys_pre_compile\DE4_QSYS_mem_if_ddr2_emif_s0_software\sequencer_bsp"
Error: s0: INFO: Default memory regions will not be persisted in BSP Settings File.
Error: s0: INFO: Generated file "C:\Users\dominiho\AppData\Local\Temp\alt5686_2349218603028850686.dir\0033_s0_gen\qsys_pre_compile\DE4_QSYS_mem_if_ddr2_emif_s0_software\sequencer_bsp\settings.bsp"
Error: s0: INFO: Generated file "C:\Users\dominiho\AppData\Local\Temp\alt5686_2349218603028850686.dir\0033_s0_gen\qsys_pre_compile\DE4_QSYS_mem_if_ddr2_emif_s0_software\sequencer_bsp\summary.html"
Error: s0: INFO: Generated file "C:\Users\dominiho\AppData\Local\Temp\alt5686_2349218603028850686.dir\0033_s0_gen\qsys_pre_compile\DE4_QSYS_mem_if_ddr2_emif_s0_software\sequencer_bsp\public.mk"
Error: s0: INFO: Generated file "C:\Users\dominiho\AppData\Local\Temp\alt5686_2349218603028850686.dir\0033_s0_gen\qsys_pre_compile\DE4_QSYS_mem_if_ddr2_emif_s0_software\sequencer_bsp\Makefile"
Error: s0: INFO: Generated file "C:\Users\dominiho\AppData\Local\Temp\alt5686_2349218603028850686.dir\0033_s0_gen\qsys_pre_compile\DE4_QSYS_mem_if_ddr2_emif_s0_software\sequencer_bsp\system.h"
Error: s0: INFO: Generated file "C:\Users\dominiho\AppData\Local\Temp\alt5686_2349218603028850686.dir\0033_s0_gen\qsys_pre_compile\DE4_QSYS_mem_if_ddr2_emif_s0_software\sequencer_bsp\linker.x"
Error: s0: INFO: Generated file "C:\Users\dominiho\AppData\Local\Temp\alt5686_2349218603028850686.dir\0033_s0_gen\qsys_pre_compile\DE4_QSYS_mem_if_ddr2_emif_s0_software\sequencer_bsp\linker.h"
Error: s0: INFO: Generated file "C:\Users\dominiho\AppData\Local\Temp\alt5686_2349218603028850686.dir\0033_s0_gen\qsys_pre_compile\DE4_QSYS_mem_if_ddr2_emif_s0_software\sequencer_bsp\memory.gdb"
Error: s0: INFO: Generated file "C:\Users\dominiho\AppData\Local\Temp\alt5686_2349218603028850686.dir\0033_s0_gen\qsys_pre_compile\DE4_QSYS_mem_if_ddr2_emif_s0_software\sequencer_bsp\alt_sys_init.c"
Error: s0: INFO: Generated file "C:\Users\dominiho\AppData\Local\Temp\alt5686_2349218603028850686.dir\0033_s0_gen\qsys_pre_compile\DE4_QSYS_mem_if_ddr2_emif_s0_software\sequencer_bsp\mem_init.mk"
Error: s0: INFO: Finished generating BSP files. Total time taken = 2 seconds
Error: s0: INFO: BSP files generated in "C:\Users\dominiho\AppData\Local\Temp\alt5686_2349218603028850686.dir\0033_s0_gen\qsys_pre_compile\DE4_QSYS_mem_if_ddr2_emif_s0_software\sequencer_bsp"
Error: s0: C:/altera/12.1/quartus/../nios2eds/sdk2/bin/nios2-app-generate-makefile --bsp-dir sequencer_bsp --app-dir sequencer --elf-name sequencer.elf --set OBJDUMP_INCLUDE_SOURCE 1 --set APP_CFLAGS_DEFINED_SYMBOLS -DSTACK_POINTER=0x10fff0 --set APP_CFLAGS_OPTIMIZATION \"-Os --param max-inline-insns-single=1000 -fno-zero-initialized-in-bss\" --set APP_CFLAGS_WARNINGS \"-Winline -Wall\" --src-files sequencer.c sequencer.h tclrpt.c tclrpt.h sequencer_auto_ac_init.c sequencer_auto_inst_init.c
Error: s0: INFO: nios2-app-generate-makefile --bsp-dir sequencer_bsp --app-dir sequencer --elf-name sequencer.elf --set OBJDUMP_INCLUDE_SOURCE 1 --set APP_CFLAGS_DEFINED_SYMBOLS -DSTACK_POINTER=0x10fff0 --set APP_CFLAGS_OPTIMIZATION -Os --param max-inline-insns-single=1000 -fno-zero-initialized-in-bss --set APP_CFLAGS_WARNINGS -Winline -Wall --src-files sequencer.c sequencer.h tclrpt.c tclrpt.h sequencer_auto_ac_init.c sequencer_auto_inst_init.c
Error: s0: INFO: Generating application makefile
Error: s0: INFO: Generated file "C:\Users\dominiho\AppData\Local\Temp\alt5686_2349218603028850686.dir\0033_s0_gen\qsys_pre_compile\DE4_QSYS_mem_if_ddr2_emif_s0_software\sequencer\Makefile"
Error: s0: INFO: Application makefile generated
Error: s0: C:/altera/12.1/nios2eds/bin/gnu/H-i686-mingw32/bin/make -C sequencer_bsp clean altera_nios2_qsys_hal_driver_ASM_LIB_SRCS=HAL/src/crt0.S  hal_C_LIB_SRCS=HAL/src/alt_main.c hal_C_LIB_SRCS+=HAL/src/alt_load.c  altera_nios2_qsys_hal_driver_C_LIB_SRCS=HAL/src/altera_nios2_qsys_irq.c altera_nios2_qsys_hal_driver_C_LIB_SRCS+=HAL/src/alt_icache_flush_all.c altera_nios2_qsys_hal_driver_C_LIB_SRCS+=HAL/src/alt_dcache_flush_all.c
Error: s0: make[1]: Entering directory `C:/Users/dominiho/AppData/Local/Temp/alt5686_2349218603028850686.dir/0033_s0_gen/qsys_pre_compile/DE4_QSYS_mem_if_ddr2_emif_s0_software/sequencer_bsp'
Error: s0: [BSP clean complete]
Error: s0: make[1]: Leaving directory `C:/Users/dominiho/AppData/Local/Temp/alt5686_2349218603028850686.dir/0033_s0_gen/qsys_pre_compile/DE4_QSYS_mem_if_ddr2_emif_s0_software/sequencer_bsp'
Error: s0: C:/altera/12.1/nios2eds/bin/gnu/H-i686-mingw32/bin/make -C sequencer clean all altera_nios2_qsys_hal_driver_ASM_LIB_SRCS=HAL/src/crt0.S  hal_C_LIB_SRCS=HAL/src/alt_main.c hal_C_LIB_SRCS+=HAL/src/alt_load.c  altera_nios2_qsys_hal_driver_C_LIB_SRCS=HAL/src/altera_nios2_qsys_irq.c altera_nios2_qsys_hal_driver_C_LIB_SRCS+=HAL/src/alt_icache_flush_all.c altera_nios2_qsys_hal_driver_C_LIB_SRCS+=HAL/src/alt_dcache_flush_all.c
Error: s0: make[1]: Entering directory `C:/Users/dominiho/AppData/Local/Temp/alt5686_2349218603028850686.dir/0033_s0_gen/qsys_pre_compile/DE4_QSYS_mem_if_ddr2_emif_s0_software/sequencer'
Error: s0: [sequencer clean complete]
Error: s0: Info: Building ../sequencer_bsp
Error: s0: C:/altera/12.1/nios2eds/bin/gnu/H-i686-mingw32/bin/make --no-print-directory -C ../sequencer_bsp
Error: s0: Compiling alt_dcache_flush_all.c...
Error: s0: nios2-elf-gcc -xc -MP -MMD -c  -I./HAL/inc -I. -I./drivers/inc -DSYSTEM_BUS_WIDTH=32 -pipe -D__hal__ -DALT_NO_C_PLUS_PLUS -DALT_NO_CLEAN_EXIT -DALT_NO_EXIT -DALT_USE_DIRECT_DRIVERS -DALT_NO_INSTRUCTION_EMULATION -DALT_USE_SMALL_DRIVERS -DSMALL_C_LIB -DALT_SINGLE_THREADED    -Os -g -Wall  -EL -mno-hw-div -mno-hw-mul -mno-hw-mulx   -o obj/HAL/src/alt_dcache_flush_all.o HAL/src/alt_dcache_flush_all.c
Error: s0: Compiling alt_icache_flush_all.c...
Error: s0: nios2-elf-gcc -xc -MP -MMD -c  -I./HAL/inc -I. -I./drivers/inc -DSYSTEM_BUS_WIDTH=32 -pipe -D__hal__ -DALT_NO_C_PLUS_PLUS -DALT_NO_CLEAN_EXIT -DALT_NO_EXIT -DALT_USE_DIRECT_DRIVERS -DALT_NO_INSTRUCTION_EMULATION -DALT_USE_SMALL_DRIVERS -DSMALL_C_LIB -DALT_SINGLE_THREADED    -Os -g -Wall  -EL -mno-hw-div -mno-hw-mul -mno-hw-mulx   -o obj/HAL/src/alt_icache_flush_all.o HAL/src/alt_icache_flush_all.c
Error: s0: Compiling alt_load.c...
Error: s0: nios2-elf-gcc -xc -MP -MMD -c  -I./HAL/inc -I. -I./drivers/inc -DSYSTEM_BUS_WIDTH=32 -pipe -D__hal__ -DALT_NO_C_PLUS_PLUS -DALT_NO_CLEAN_EXIT -DALT_NO_EXIT -DALT_USE_DIRECT_DRIVERS -DALT_NO_INSTRUCTION_EMULATION -DALT_USE_SMALL_DRIVERS -DSMALL_C_LIB -DALT_SINGLE_THREADED    -Os -g -Wall  -EL -mno-hw-div -mno-hw-mul -mno-hw-mulx   -o obj/HAL/src/alt_load.o HAL/src/alt_load.c
Error: s0: Compiling alt_main.c...
Error: s0: nios2-elf-gcc -xc -MP -MMD -c  -I./HAL/inc -I. -I./drivers/inc -DSYSTEM_BUS_WIDTH=32 -pipe -D__hal__ -DALT_NO_C_PLUS_PLUS -DALT_NO_CLEAN_EXIT -DALT_NO_EXIT -DALT_USE_DIRECT_DRIVERS -DALT_NO_INSTRUCTION_EMULATION -DALT_USE_SMALL_DRIVERS -DSMALL_C_LIB -DALT_SINGLE_THREADED    -Os -g -Wall  -EL -mno-hw-div -mno-hw-mul -mno-hw-mulx   -o obj/HAL/src/alt_main.o HAL/src/alt_main.c
Error: s0: Compiling altera_nios2_qsys_irq.c...
Error: s0: nios2-elf-gcc -xc -MP -MMD -c  -I./HAL/inc -I. -I./drivers/inc -DSYSTEM_BUS_WIDTH=32 -pipe -D__hal__ -DALT_NO_C_PLUS_PLUS -DALT_NO_CLEAN_EXIT -DALT_NO_EXIT -DALT_USE_DIRECT_DRIVERS -DALT_NO_INSTRUCTION_EMULATION -DALT_USE_SMALL_DRIVERS -DSMALL_C_LIB -DALT_SINGLE_THREADED    -Os -g -Wall  -EL -mno-hw-div -mno-hw-mul -mno-hw-mulx   -o obj/HAL/src/altera_nios2_qsys_irq.o HAL/src/altera_nios2_qsys_irq.c
Error: s0: Compiling crt0.S...
Error: s0: nios2-elf-gcc -MP -MMD -c   -Os -g -Wall  -EL -mno-hw-div -mno-hw-mul -mno-hw-mulx    -I./HAL/inc -I. -I./drivers/inc -DSYSTEM_BUS_WIDTH=32 -pipe -D__hal__ -DALT_NO_C_PLUS_PLUS -DALT_NO_CLEAN_EXIT -DALT_NO_EXIT -DALT_USE_DIRECT_DRIVERS -DALT_NO_INSTRUCTION_EMULATION -DALT_USE_SMALL_DRIVERS -DSMALL_C_LIB -DALT_SINGLE_THREADED  -Wa,-gdwarf2  -o obj/HAL/src/crt0.o HAL/src/crt0.S
Error: s0: Compiling alt_sys_init.c...
Error: s0: nios2-elf-gcc -xc -MP -MMD -c  -I./HAL/inc -I. -I./drivers/inc -DSYSTEM_BUS_WIDTH=32 -pipe -D__hal__ -DALT_NO_C_PLUS_PLUS -DALT_NO_CLEAN_EXIT -DALT_NO_EXIT -DALT_USE_DIRECT_DRIVERS -DALT_NO_INSTRUCTION_EMULATION -DALT_USE_SMALL_DRIVERS -DSMALL_C_LIB -DALT_SINGLE_THREADED    -Os -g -Wall  -EL -mno-hw-div -mno-hw-mul -mno-hw-mulx   -o obj/alt_sys_init.o alt_sys_init.c
Error: s0: Creating libhal_bsp.a...
Error: s0: rm -f -f libhal_bsp.a
Error: s0: nios2-elf-ar -src libhal_bsp.a obj/HAL/src/alt_dcache_flush_all.o obj/HAL/src/alt_icache_flush_all.o obj/HAL/src/alt_load.o obj/HAL/src/alt_main.o obj/HAL/src/altera_nios2_qsys_irq.o obj/HAL/src/crt0.o obj/alt_sys_init.o
Error: s0: [BSP build complete]
Error: s0: Info: Compiling sequencer.c to obj/default/sequencer.o
Error: s0: nios2-elf-gcc -xc -MP -MMD -c -I../sequencer_bsp/HAL/inc -I../sequencer_bsp -I../sequencer_bsp/drivers/inc  -DSYSTEM_BUS_WIDTH=32 -pipe -D__hal__ -DALT_NO_C_PLUS_PLUS -DALT_NO_CLEAN_EXIT -DALT_NO_EXIT -DALT_USE_DIRECT_DRIVERS -DALT_NO_INSTRUCTION_EMULATION -DALT_USE_SMALL_DRIVERS -DSMALL_C_LIB -DALT_SINGLE_THREADED  -DSTACK_POINTER=0x10fff0  -Os --param max-inline-insns-single=1000 -fno-zero-initialized-in-bss -g -Winline -Wall   -EL -mno-hw-div -mno-hw-mul -mno-hw-mulx  -o obj/default/sequencer.o sequencer.c
Error: s0: Info: Compiling sequencer_auto_ac_init.c to obj/default/sequencer_auto_ac_init.o
Error: s0: nios2-elf-gcc -xc -MP -MMD -c -I../sequencer_bsp/HAL/inc -I../sequencer_bsp -I../sequencer_bsp/drivers/inc  -DSYSTEM_BUS_WIDTH=32 -pipe -D__hal__ -DALT_NO_C_PLUS_PLUS -DALT_NO_CLEAN_EXIT -DALT_NO_EXIT -DALT_USE_DIRECT_DRIVERS -DALT_NO_INSTRUCTION_EMULATION -DALT_USE_SMALL_DRIVERS -DSMALL_C_LIB -DALT_SINGLE_THREADED  -DSTACK_POINTER=0x10fff0  -Os --param max-inline-insns-single=1000 -fno-zero-initialized-in-bss -g -Winline -Wall   -EL -mno-hw-div -mno-hw-mul -mno-hw-mulx  -o obj/default/sequencer_auto_ac_init.o sequencer_auto_ac_init.c
Error: s0: Info: Compiling sequencer_auto_inst_init.c to obj/default/sequencer_auto_inst_init.o
Error: s0: nios2-elf-gcc -xc -MP -MMD -c -I../sequencer_bsp/HAL/inc -I../sequencer_bsp -I../sequencer_bsp/drivers/inc  -DSYSTEM_BUS_WIDTH=32 -pipe -D__hal__ -DALT_NO_C_PLUS_PLUS -DALT_NO_CLEAN_EXIT -DALT_NO_EXIT -DALT_USE_DIRECT_DRIVERS -DALT_NO_INSTRUCTION_EMULATION -DALT_USE_SMALL_DRIVERS -DSMALL_C_LIB -DALT_SINGLE_THREADED  -DSTACK_POINTER=0x10fff0  -Os --param max-inline-insns-single=1000 -fno-zero-initialized-in-bss -g -Winline -Wall   -EL -mno-hw-div -mno-hw-mul -mno-hw-mulx  -o obj/default/sequencer_auto_inst_init.o sequencer_auto_inst_init.c
Error: s0: Info: Compiling tclrpt.c to obj/default/tclrpt.o
Error: s0: nios2-elf-gcc -xc -MP -MMD -c -I../sequencer_bsp/HAL/inc -I../sequencer_bsp -I../sequencer_bsp/drivers/inc  -DSYSTEM_BUS_WIDTH=32 -pipe -D__hal__ -DALT_NO_C_PLUS_PLUS -DALT_NO_CLEAN_EXIT -DALT_NO_EXIT -DALT_USE_DIRECT_DRIVERS -DALT_NO_INSTRUCTION_EMULATION -DALT_USE_SMALL_DRIVERS -DSMALL_C_LIB -DALT_SINGLE_THREADED  -DSTACK_POINTER=0x10fff0  -Os --param max-inline-insns-single=1000 -fno-zero-initialized-in-bss -g -Winline -Wall   -EL -mno-hw-div -mno-hw-mul -mno-hw-mulx  -o obj/default/tclrpt.o tclrpt.c
Error: s0: Info: Linking sequencer.elf
Error: s0: nios2-elf-g++  -T'../sequencer_bsp/linker.x' -msys-crt0='../sequencer_bsp/obj/HAL/src/crt0.o' -msys-lib=hal_bsp -L../sequencer_bsp  -Wl,--defsym,exit=_exit -msmallc  -Wl,-Map=sequencer.map -DSTACK_POINTER=0x10fff0  -Os --param max-inline-insns-single=1000 -fno-zero-initialized-in-bss -g -Winline -Wall   -EL -mno-hw-div -mno-hw-mul -mno-hw-mulx  -o sequencer.elf obj/default/sequencer.o obj/default/sequencer_auto_ac_init.o obj/default/sequencer_auto_inst_init.o obj/default/tclrpt.o -lm
Error: s0: nios2-elf-insert sequencer.elf --thread_model hal --cpu_name cpu_inst --qsys true --simulation_enabled false --stderr_dev none --stdin_dev none --stdout_dev none --sopc_system_name dut_dut_e0_if0_p0_s0 --sopcinfo c:/Users/dominiho/AppData/Local/Temp/alt5686_2349218603028850686.dir/0033_s0_gen/qsys_pre_compile/DE4_QSYS_mem_if_ddr2_emif_s0_software/sequencer_bsp/../../pre_compile.sopcinfo
Error: s0: Info: (sequencer.elf) 11 KBytes program size (code + initialized data).
Error: s0: Info:                 52 KBytes free for stack + heap.
Error: s0: Info: Creating sequencer.objdump
Error: s0: nios2-elf-objdump --disassemble --syms --all-header --source sequencer.elf >sequencer.objdump
Error: s0: [sequencer build complete]
Error: s0: make[1]: Leaving directory `C:/Users/dominiho/AppData/Local/Temp/alt5686_2349218603028850686.dir/0033_s0_gen/qsys_pre_compile/DE4_QSYS_mem_if_ddr2_emif_s0_software/sequencer'
Error: s0: C:/altera/12.1/quartus/../nios2eds/bin/elf2hex --base=0x10000 --end=0x10ffff --create-lanes=0 --width=32 --record=4 --input=sequencer/sequencer.elf --output=../DE4_QSYS_mem_if_ddr2_emif_s0_sequencer_mem.hex
Error: s0: child process exited abnormally
Info: s0: Generating Qsys sequencer system
Info: s0: QSYS sequencer system generated successfully
Error: s0: Error during execution of "{C:/altera/12.1/quartus/../nios2eds/Nios II Command Shell.bat} make all 2>> stderr.txt": child process exited abnormally
Error: s0: Execution of command "{C:/altera/12.1/quartus/../nios2eds/Nios II Command Shell.bat} make all 2>> stderr.txt" failed
Error: s0: ]2;Altera Nios II EDS 12.1 [gcc4]C:/altera/12.1/quartus/bin/uniphy_mcc -ac_code sequencer_mc/ac_rom.s -inst_code sequencer_mc/inst_rom.s -ac_rom ../DE4_QSYS_mem_if_ddr2_emif_s0_AC_ROM.hex -inst_rom ../DE4_QSYS_mem_if_ddr2_emif_s0_inst_ROM.hex -header sequencer/sequencer_auto.h -vheader ../sequencer_auto_h.sv -ac_rom_init sequencer/sequencer_auto_ac_init.c -inst_rom_init sequencer/sequencer_auto_inst_init.c -DAC_ROM_MR0=0101001100011 -DAC_ROM_MR0_CALIB=0101001100011 -DAC_ROM_MR0_DLL_RESET=0101101100011 -DAC_ROM_MR1=0000001000100 -DAC_ROM_MR1_OCD_ENABLE=0001111000100 -DAC_ROM_MR2=0000010000000 -DAC_ROM_MR3=0000000000000 -DAC_ROM_MR0_MIRR= -DAC_ROM_MR0_DLL_RESET_MIRR= -DAC_ROM_MR1_MIRR= -DAC_ROM_MR2_MIRR= -DAC_ROM_MR3_MIRR= -DQUARTER_RATE=0 -DHALF_RATE=1 -DFULL_RATE=0 -DGUARANTEED_READ_BRINGUP_TEST=0 -DMEM_ADDR_WIDTH=13 -DHARD_PHY=0
Error: s0: UniPHY Sequencer Microcode Compiler
Error: s0: Copyright (C) 1991-2010 Altera Corporation
Error: s0: Info: Reading sequencer_mc/ac_rom.s ...
Error: s0: Info: Reading sequencer_mc/inst_rom.s ...
Error: s0: Info: Writing ../DE4_QSYS_mem_if_ddr2_emif_s0_AC_ROM.hex ...
Error: s0: Info: Writing ../DE4_QSYS_mem_if_ddr2_emif_s0_inst_ROM.hex ...
Error: s0: Info: Writing sequencer/sequencer_auto_ac_init.c ...
Error: s0: Info: Writing sequencer/sequencer_auto_inst_init.c ...
Error: s0: Info: Writing sequencer/sequencer_auto.h ...
Error: s0: Info: Writing sequencer/sequencer_auto.h ...
Error: s0: Info: Writing ../sequencer_auto_h.sv ...
Error: s0: Info: Microcode compilation successful
Error: s0: C:/altera/12.1/quartus/../nios2eds/sdk2/bin/nios2-bsp hal sequencer_bsp .. --default_sections_mapping sequencer_mem --use_bootloader DONT_CHANGE
Error: s0: nios2-bsp: Using C:/altera/12.1/nios2eds/sdk2/bin/bsp-set-defaults.tcl to set system-dependent settings.
Error: s0: nios2-bsp: Updating existing BSP because sequencer_bsp/settings.bsp exists.
Error: s0: nios2-bsp: Using SOPC design file ../DE4_QSYS_mem_if_ddr2_emif_s0.sopcinfo found in ..
Error: s0: nios2-bsp: Running "nios2-bsp-update-settings --settings sequencer_bsp/settings.bsp --bsp-dir sequencer_bsp --sopc ../DE4_QSYS_mem_if_ddr2_emif_s0.sopcinfo --script C:/altera/12.1/nios2eds/sdk2/bin/bsp-set-defaults.tcl default_sections_mapping sequencer_mem use_bootloader DONT_CHANGE "
Error: s0: INFO: Updating BSP settings...
Error: s0: INFO: nios2-bsp-update-settings --settings sequencer_bsp/settings.bsp --bsp-dir sequencer_bsp --sopc ../DE4_QSYS_mem_if_ddr2_emif_s0.sopcinfo --script C:/altera/12.1/nios2eds/sdk2/bin/bsp-set-defaults.tcl default_sections_mapping sequencer_mem use_bootloader DONT_CHANGE
Error: s0: INFO: Initializing BSP components...
Error: s0: INFO: Finished initializing BSP components. Total time taken = 2 seconds
Error: s0: INFO: Searching for BSP components with category: os_software_element
Error: s0: INFO: Initializing SOPC project local software IP
Error: s0: INFO: [Info] C:/Users/dominiho/AppData/Local/Temp/alt5686_2349218603028850686.dir/0033_s0_gen/qsys/* matched 7 files in 0.00 seconds
Error: s0: INFO: [Info] C:/Users/dominiho/AppData/Local/Temp/alt5686_2349218603028850686.dir/0033_s0_gen/qsys/*/*_sw.tcl matched 0 files in 0.00 seconds
Error: s0: INFO: [Info] C:/Users/dominiho/AppData/Local/Temp/alt5686_2349218603028850686.dir/0033_s0_gen/qsys/ip/**/*_sw.tcl matched 0 files in 0.00 seconds
Error: s0: INFO: [Info] C:/Users/dominiho/AppData/Local/Temp/alt5686_2349218603028850686.dir/0033_s0_gen/ip/**/*_sw.tcl matched 0 files in 0.00 seconds
Error: s0: INFO: Finished initializing SOPC project local software IP. Total time taken = 2 seconds
Error: s0: INFO: Searching for BSP components with category: driver_element
Error: s0: INFO: Searching for BSP components with category: software_package_element
Error: s0: INFO: Loading drivers from ensemble report.
Error: s0: INFO: Finished loading drivers from ensemble report.
Error: s0: INFO: Tcl message: "No STDIO character device"
Error: s0: INFO: Tcl message: "No system timer device"
Error: s0: INFO: Tcl message: "Default linker sections mapped to sequencer_mem"
Error: s0: INFO: Default memory regions will not be persisted in BSP Settings File.
Error: s0: INFO: Generated file "C:\Users\dominiho\AppData\Local\Temp\alt5686_2349218603028850686.dir\0033_s0_gen\qsys\DE4_QSYS_mem_if_ddr2_emif_s0_software\sequencer_bsp\settings.bsp"
Error: s0: INFO: BSP settings updated
Error: s0: INFO: Generating BSP files...
Error: s0: INFO: Generating BSP files in "C:\Users\dominiho\AppData\Local\Temp\alt5686_2349218603028850686.dir\0033_s0_gen\qsys\DE4_QSYS_mem_if_ddr2_emif_s0_software\sequencer_bsp"
Error: s0: INFO: Default memory regions will not be persisted in BSP Settings File.
Error: s0: INFO: Generated file "C:\Users\dominiho\AppData\Local\Temp\alt5686_2349218603028850686.dir\0033_s0_gen\qsys\DE4_QSYS_mem_if_ddr2_emif_s0_software\sequencer_bsp\settings.bsp"
Error: s0: INFO: Generated file "C:\Users\dominiho\AppData\Local\Temp\alt5686_2349218603028850686.dir\0033_s0_gen\qsys\DE4_QSYS_mem_if_ddr2_emif_s0_software\sequencer_bsp\summary.html"
Error: s0: INFO: Generated file "C:\Users\dominiho\AppData\Local\Temp\alt5686_2349218603028850686.dir\0033_s0_gen\qsys\DE4_QSYS_mem_if_ddr2_emif_s0_software\sequencer_bsp\Makefile"
Error: s0: INFO: Generated file "C:\Users\dominiho\AppData\Local\Temp\alt5686_2349218603028850686.dir\0033_s0_gen\qsys\DE4_QSYS_mem_if_ddr2_emif_s0_software\sequencer_bsp\alt_sys_init.c"
Error: s0: INFO: Generated file "C:\Users\dominiho\AppData\Local\Temp\alt5686_2349218603028850686.dir\0033_s0_gen\qsys\DE4_QSYS_mem_if_ddr2_emif_s0_software\sequencer_bsp\system.h"
Error: s0: INFO: Generated file "C:\Users\dominiho\AppData\Local\Temp\alt5686_2349218603028850686.dir\0033_s0_gen\qsys\DE4_QSYS_mem_if_ddr2_emif_s0_software\sequencer_bsp\public.mk"
Error: s0: INFO: Generated file "C:\Users\dominiho\AppData\Local\Temp\alt5686_2349218603028850686.dir\0033_s0_gen\qsys\DE4_QSYS_mem_if_ddr2_emif_s0_software\sequencer_bsp\mem_init.mk"
Error: s0: INFO: Generated file "C:\Users\dominiho\AppData\Local\Temp\alt5686_2349218603028850686.dir\0033_s0_gen\qsys\DE4_QSYS_mem_if_ddr2_emif_s0_software\sequencer_bsp\linker.x"
Error: s0: INFO: Generated file "C:\Users\dominiho\AppData\Local\Temp\alt5686_2349218603028850686.dir\0033_s0_gen\qsys\DE4_QSYS_mem_if_ddr2_emif_s0_software\sequencer_bsp\linker.h"
Error: s0: INFO: Generated file "C:\Users\dominiho\AppData\Local\Temp\alt5686_2349218603028850686.dir\0033_s0_gen\qsys\DE4_QSYS_mem_if_ddr2_emif_s0_software\sequencer_bsp\memory.gdb"
Error: s0: INFO: Finished generating BSP files. Total time taken = 2 seconds
Error: s0: INFO: BSP files generated in "C:\Users\dominiho\AppData\Local\Temp\alt5686_2349218603028850686.dir\0033_s0_gen\qsys\DE4_QSYS_mem_if_ddr2_emif_s0_software\sequencer_bsp"
Error: s0: C:/altera/12.1/quartus/../nios2eds/sdk2/bin/nios2-app-generate-makefile --bsp-dir sequencer_bsp --app-dir sequencer --elf-name sequencer.elf --set OBJDUMP_INCLUDE_SOURCE 1 --set APP_CFLAGS_DEFINED_SYMBOLS -DSTACK_POINTER=0x133f0 --set APP_CFLAGS_OPTIMIZATION \"-Os --param max-inline-insns-single=1000 -fno-zero-initialized-in-bss\" --set APP_CFLAGS_WARNINGS \"-Winline -Wall\" --src-files sequencer.c sequencer.h tclrpt.c tclrpt.h sequencer_auto_ac_init.c sequencer_auto_inst_init.c
Error: s0: INFO: nios2-app-generate-makefile --bsp-dir sequencer_bsp --app-dir sequencer --elf-name sequencer.elf --set OBJDUMP_INCLUDE_SOURCE 1 --set APP_CFLAGS_DEFINED_SYMBOLS -DSTACK_POINTER=0x133f0 --set APP_CFLAGS_OPTIMIZATION -Os --param max-inline-insns-single=1000 -fno-zero-initialized-in-bss --set APP_CFLAGS_WARNINGS -Winline -Wall --src-files sequencer.c sequencer.h tclrpt.c tclrpt.h sequencer_auto_ac_init.c sequencer_auto_inst_init.c
Error: s0: INFO: Generating application makefile
Error: s0: INFO: Generated file "C:\Users\dominiho\AppData\Local\Temp\alt5686_2349218603028850686.dir\0033_s0_gen\qsys\DE4_QSYS_mem_if_ddr2_emif_s0_software\sequencer\Makefile"
Error: s0: INFO: Application makefile generated
Error: s0: C:/altera/12.1/nios2eds/bin/gnu/H-i686-mingw32/bin/make -C sequencer_bsp clean altera_nios2_qsys_hal_driver_ASM_LIB_SRCS=HAL/src/crt0.S  hal_C_LIB_SRCS=HAL/src/alt_main.c hal_C_LIB_SRCS+=HAL/src/alt_load.c  altera_nios2_qsys_hal_driver_C_LIB_SRCS=HAL/src/altera_nios2_qsys_irq.c altera_nios2_qsys_hal_driver_C_LIB_SRCS+=HAL/src/alt_icache_flush_all.c altera_nios2_qsys_hal_driver_C_LIB_SRCS+=HAL/src/alt_dcache_flush_all.c
Error: s0: make[1]: Entering directory `C:/Users/dominiho/AppData/Local/Temp/alt5686_2349218603028850686.dir/0033_s0_gen/qsys/DE4_QSYS_mem_if_ddr2_emif_s0_software/sequencer_bsp'
Error: s0: [BSP clean complete]
Error: s0: make[1]: Leaving directory `C:/Users/dominiho/AppData/Local/Temp/alt5686_2349218603028850686.dir/0033_s0_gen/qsys/DE4_QSYS_mem_if_ddr2_emif_s0_software/sequencer_bsp'
Error: s0: C:/altera/12.1/nios2eds/bin/gnu/H-i686-mingw32/bin/make -C sequencer clean all altera_nios2_qsys_hal_driver_ASM_LIB_SRCS=HAL/src/crt0.S  hal_C_LIB_SRCS=HAL/src/alt_main.c hal_C_LIB_SRCS+=HAL/src/alt_load.c  altera_nios2_qsys_hal_driver_C_LIB_SRCS=HAL/src/altera_nios2_qsys_irq.c altera_nios2_qsys_hal_driver_C_LIB_SRCS+=HAL/src/alt_icache_flush_all.c altera_nios2_qsys_hal_driver_C_LIB_SRCS+=HAL/src/alt_dcache_flush_all.c
Error: s0: make[1]: Entering directory `C:/Users/dominiho/AppData/Local/Temp/alt5686_2349218603028850686.dir/0033_s0_gen/qsys/DE4_QSYS_mem_if_ddr2_emif_s0_software/sequencer'
Error: s0: [sequencer clean complete]
Error: s0: Info: Building ../sequencer_bsp
Error: s0: C:/altera/12.1/nios2eds/bin/gnu/H-i686-mingw32/bin/make --no-print-directory -C ../sequencer_bsp
Error: s0: Compiling alt_dcache_flush_all.c...
Error: s0: nios2-elf-gcc -xc -MP -MMD -c  -I./HAL/inc -I. -I./drivers/inc -DSYSTEM_BUS_WIDTH=32 -pipe -D__hal__ -DALT_NO_C_PLUS_PLUS -DALT_NO_CLEAN_EXIT -DALT_NO_EXIT -DALT_USE_DIRECT_DRIVERS -DALT_NO_INSTRUCTION_EMULATION -DALT_USE_SMALL_DRIVERS -DSMALL_C_LIB -DALT_SINGLE_THREADED    -Os -g -Wall  -EL -mno-hw-div -mno-hw-mul -mno-hw-mulx   -o obj/HAL/src/alt_dcache_flush_all.o HAL/src/alt_dcache_flush_all.c
Error: s0: Compiling alt_icache_flush_all.c...
Error: s0: nios2-elf-gcc -xc -MP -MMD -c  -I./HAL/inc -I. -I./drivers/inc -DSYSTEM_BUS_WIDTH=32 -pipe -D__hal__ -DALT_NO_C_PLUS_PLUS -DALT_NO_CLEAN_EXIT -DALT_NO_EXIT -DALT_USE_DIRECT_DRIVERS -DALT_NO_INSTRUCTION_EMULATION -DALT_USE_SMALL_DRIVERS -DSMALL_C_LIB -DALT_SINGLE_THREADED    -Os -g -Wall  -EL -mno-hw-div -mno-hw-mul -mno-hw-mulx   -o obj/HAL/src/alt_icache_flush_all.o HAL/src/alt_icache_flush_all.c
Error: s0: Compiling alt_load.c...
Error: s0: nios2-elf-gcc -xc -MP -MMD -c  -I./HAL/inc -I. -I./drivers/inc -DSYSTEM_BUS_WIDTH=32 -pipe -D__hal__ -DALT_NO_C_PLUS_PLUS -DALT_NO_CLEAN_EXIT -DALT_NO_EXIT -DALT_USE_DIRECT_DRIVERS -DALT_NO_INSTRUCTION_EMULATION -DALT_USE_SMALL_DRIVERS -DSMALL_C_LIB -DALT_SINGLE_THREADED    -Os -g -Wall  -EL -mno-hw-div -mno-hw-mul -mno-hw-mulx   -o obj/HAL/src/alt_load.o HAL/src/alt_load.c
Error: s0: Compiling alt_main.c...
Error: s0: nios2-elf-gcc -xc -MP -MMD -c  -I./HAL/inc -I. -I./drivers/inc -DSYSTEM_BUS_WIDTH=32 -pipe -D__hal__ -DALT_NO_C_PLUS_PLUS -DALT_NO_CLEAN_EXIT -DALT_NO_EXIT -DALT_USE_DIRECT_DRIVERS -DALT_NO_INSTRUCTION_EMULATION -DALT_USE_SMALL_DRIVERS -DSMALL_C_LIB -DALT_SINGLE_THREADED    -Os -g -Wall  -EL -mno-hw-div -mno-hw-mul -mno-hw-mulx   -o obj/HAL/src/alt_main.o HAL/src/alt_main.c
Error: s0: Compiling altera_nios2_qsys_irq.c...
Error: s0: nios2-elf-gcc -xc -MP -MMD -c  -I./HAL/inc -I. -I./drivers/inc -DSYSTEM_BUS_WIDTH=32 -pipe -D__hal__ -DALT_NO_C_PLUS_PLUS -DALT_NO_CLEAN_EXIT -DALT_NO_EXIT -DALT_USE_DIRECT_DRIVERS -DALT_NO_INSTRUCTION_EMULATION -DALT_USE_SMALL_DRIVERS -DSMALL_C_LIB -DALT_SINGLE_THREADED    -Os -g -Wall  -EL -mno-hw-div -mno-hw-mul -mno-hw-mulx   -o obj/HAL/src/altera_nios2_qsys_irq.o HAL/src/altera_nios2_qsys_irq.c
Error: s0: Compiling crt0.S...
Error: s0: nios2-elf-gcc -MP -MMD -c   -Os -g -Wall  -EL -mno-hw-div -mno-hw-mul -mno-hw-mulx    -I./HAL/inc -I. -I./drivers/inc -DSYSTEM_BUS_WIDTH=32 -pipe -D__hal__ -DALT_NO_C_PLUS_PLUS -DALT_NO_CLEAN_EXIT -DALT_NO_EXIT -DALT_USE_DIRECT_DRIVERS -DALT_NO_INSTRUCTION_EMULATION -DALT_USE_SMALL_DRIVERS -DSMALL_C_LIB -DALT_SINGLE_THREADED  -Wa,-gdwarf2  -o obj/HAL/src/crt0.o HAL/src/crt0.S
Error: s0: Compiling alt_sys_init.c...
Error: s0: nios2-elf-gcc -xc -MP -MMD -c  -I./HAL/inc -I. -I./drivers/inc -DSYSTEM_BUS_WIDTH=32 -pipe -D__hal__ -DALT_NO_C_PLUS_PLUS -DALT_NO_CLEAN_EXIT -DALT_NO_EXIT -DALT_USE_DIRECT_DRIVERS -DALT_NO_INSTRUCTION_EMULATION -DALT_USE_SMALL_DRIVERS -DSMALL_C_LIB -DALT_SINGLE_THREADED    -Os -g -Wall  -EL -mno-hw-div -mno-hw-mul -mno-hw-mulx   -o obj/alt_sys_init.o alt_sys_init.c
Error: s0: Creating libhal_bsp.a...
Error: s0: rm -f -f libhal_bsp.a
Error: s0: nios2-elf-ar -src libhal_bsp.a obj/HAL/src/alt_dcache_flush_all.o obj/HAL/src/alt_icache_flush_all.o obj/HAL/src/alt_load.o obj/HAL/src/alt_main.o obj/HAL/src/altera_nios2_qsys_irq.o obj/HAL/src/crt0.o obj/alt_sys_init.o
Error: s0: [BSP build complete]
Error: s0: Info: Compiling sequencer.c to obj/default/sequencer.o
Error: s0: nios2-elf-gcc -xc -MP -MMD -c -I../sequencer_bsp/HAL/inc -I../sequencer_bsp -I../sequencer_bsp/drivers/inc  -DSYSTEM_BUS_WIDTH=32 -pipe -D__hal__ -DALT_NO_C_PLUS_PLUS -DALT_NO_CLEAN_EXIT -DALT_NO_EXIT -DALT_USE_DIRECT_DRIVERS -DALT_NO_INSTRUCTION_EMULATION -DALT_USE_SMALL_DRIVERS -DSMALL_C_LIB -DALT_SINGLE_THREADED  -DSTACK_POINTER=0x133f0  -Os --param max-inline-insns-single=1000 -fno-zero-initialized-in-bss -g -Winline -Wall   -EL -mno-hw-div -mno-hw-mul -mno-hw-mulx  -o obj/default/sequencer.o sequencer.c
Error: s0: Info: Compiling sequencer_auto_ac_init.c to obj/default/sequencer_auto_ac_init.o
Error: s0: nios2-elf-gcc -xc -MP -MMD -c -I../sequencer_bsp/HAL/inc -I../sequencer_bsp -I../sequencer_bsp/drivers/inc  -DSYSTEM_BUS_WIDTH=32 -pipe -D__hal__ -DALT_NO_C_PLUS_PLUS -DALT_NO_CLEAN_EXIT -DALT_NO_EXIT -DALT_USE_DIRECT_DRIVERS -DALT_NO_INSTRUCTION_EMULATION -DALT_USE_SMALL_DRIVERS -DSMALL_C_LIB -DALT_SINGLE_THREADED  -DSTACK_POINTER=0x133f0  -Os --param max-inline-insns-single=1000 -fno-zero-initialized-in-bss -g -Winline -Wall   -EL -mno-hw-div -mno-hw-mul -mno-hw-mulx  -o obj/default/sequencer_auto_ac_init.o sequencer_auto_ac_init.c
Error: s0: Info: Compiling sequencer_auto_inst_init.c to obj/default/sequencer_auto_inst_init.o
Error: s0: nios2-elf-gcc -xc -MP -MMD -c -I../sequencer_bsp/HAL/inc -I../sequencer_bsp -I../sequencer_bsp/drivers/inc  -DSYSTEM_BUS_WIDTH=32 -pipe -D__hal__ -DALT_NO_C_PLUS_PLUS -DALT_NO_CLEAN_EXIT -DALT_NO_EXIT -DALT_USE_DIRECT_DRIVERS -DALT_NO_INSTRUCTION_EMULATION -DALT_USE_SMALL_DRIVERS -DSMALL_C_LIB -DALT_SINGLE_THREADED  -DSTACK_POINTER=0x133f0  -Os --param max-inline-insns-single=1000 -fno-zero-initialized-in-bss -g -Winline -Wall   -EL -mno-hw-div -mno-hw-mul -mno-hw-mulx  -o obj/default/sequencer_auto_inst_init.o sequencer_auto_inst_init.c
Error: s0: Info: Compiling tclrpt.c to obj/default/tclrpt.o
Error: s0: nios2-elf-gcc -xc -MP -MMD -c -I../sequencer_bsp/HAL/inc -I../sequencer_bsp -I../sequencer_bsp/drivers/inc  -DSYSTEM_BUS_WIDTH=32 -pipe -D__hal__ -DALT_NO_C_PLUS_PLUS -DALT_NO_CLEAN_EXIT -DALT_NO_EXIT -DALT_USE_DIRECT_DRIVERS -DALT_NO_INSTRUCTION_EMULATION -DALT_USE_SMALL_DRIVERS -DSMALL_C_LIB -DALT_SINGLE_THREADED  -DSTACK_POINTER=0x133f0  -Os --param max-inline-insns-single=1000 -fno-zero-initialized-in-bss -g -Winline -Wall   -EL -mno-hw-div -mno-hw-mul -mno-hw-mulx  -o obj/default/tclrpt.o tclrpt.c
Error: s0: Info: Linking sequencer.elf
Error: s0: nios2-elf-g++  -T'../sequencer_bsp/linker.x' -msys-crt0='../sequencer_bsp/obj/HAL/src/crt0.o' -msys-lib=hal_bsp -L../sequencer_bsp  -Wl,--defsym,exit=_exit -msmallc  -Wl,-Map=sequencer.map -DSTACK_POINTER=0x133f0  -Os --param max-inline-insns-single=1000 -fno-zero-initialized-in-bss -g -Winline -Wall   -EL -mno-hw-div -mno-hw-mul -mno-hw-mulx  -o sequencer.elf obj/default/sequencer.o obj/default/sequencer_auto_ac_init.o obj/default/sequencer_auto_inst_init.o obj/default/tclrpt.o -lm
Error: s0: nios2-elf-insert sequencer.elf --thread_model hal --cpu_name cpu_inst --qsys true --simulation_enabled false --stderr_dev none --stdin_dev none --stdout_dev none --sopc_system_name DE4_QSYS_mem_if_ddr2_emif_s0 --sopcinfo c:/Users/dominiho/AppData/Local/Temp/alt5686_2349218603028850686.dir/0033_s0_gen/qsys/DE4_QSYS_mem_if_ddr2_emif_s0_software/sequencer_bsp/../../DE4_QSYS_mem_if_ddr2_emif_s0.sopcinfo
Error: s0: Info: (sequencer.elf) 11 KBytes program size (code + initialized data).
Error: s0: Info:                 1224 Bytes free for stack + heap.
Error: s0: Info: Creating sequencer.objdump
Error: s0: nios2-elf-objdump --disassemble --syms --all-header --source sequencer.elf >sequencer.objdump
Error: s0: [sequencer build complete]
Error: s0: make[1]: Leaving directory `C:/Users/dominiho/AppData/Local/Temp/alt5686_2349218603028850686.dir/0033_s0_gen/qsys/DE4_QSYS_mem_if_ddr2_emif_s0_software/sequencer'
Error: s0: C:/altera/12.1/quartus/../nios2eds/bin/elf2hex --base=0x10000 --end=0x133ff --create-lanes=0 --width=32 --record=4 --input=sequencer/sequencer.elf --output=../DE4_QSYS_mem_if_ddr2_emif_s0_sequencer_mem.hex
Error: s0: child process exited abnormally
Error: s0: add_fileset_file: No such file C:/Users/dominiho/AppData/Local/Temp/alt5686_2349218603028850686.dir/0033_s0_gen/qsys/DE4_QSYS_mem_if_ddr2_emif_s0_sequencer_mem.hex
    while executing
"add_fileset_file $file_name [::alt_mem_if::util::hwtcl_utils::get_file_type $file_name 0] PATH $generated_file"
    ("foreach" body line 4)
    invoked from within
"foreach generated_file [alt_mem_if::gen::uniphy_gen::generate_sequencer_files $name "DDR2" $tmpdir QUARTUS_SYNTH] {
		set file_name [file tail $genera..."
    (procedure "generate_synth" line 8)
    invoked from within
"generate_synth DE4_QSYS_mem_if_ddr2_emif_s0"
Info: s0: "mem_if_ddr2_emif" instantiated altera_mem_if_ddr2_qseq "s0"
Info: Reusing file C:/DE4_DDR2_UniPHY/DE4_QSYS/synthesis/submodules/altera_avalon_sc_fifo.v
Info: Reusing file C:/DE4_DDR2_UniPHY/DE4_QSYS/synthesis/submodules/altera_merlin_arbitrator.sv
Info: Reusing file C:/DE4_DDR2_UniPHY/DE4_QSYS/synthesis/submodules/altera_merlin_burst_uncompressor.sv
Info: Reusing file C:/DE4_DDR2_UniPHY/DE4_QSYS/synthesis/submodules/altera_merlin_master_agent.sv
Info: Reusing file C:/DE4_DDR2_UniPHY/DE4_QSYS/synthesis/submodules/altera_merlin_master_translator.sv
Info: Reusing file C:/DE4_DDR2_UniPHY/DE4_QSYS/synthesis/submodules/altera_merlin_slave_agent.sv
Info: Reusing file C:/DE4_DDR2_UniPHY/DE4_QSYS/synthesis/submodules/altera_merlin_slave_translator.sv
Info: Reusing file C:/DE4_DDR2_UniPHY/DE4_QSYS/synthesis/submodules/altera_reset_controller.sdc
Info: Reusing file C:/DE4_DDR2_UniPHY/DE4_QSYS/synthesis/submodules/altera_reset_controller.v
Info: Reusing file C:/DE4_DDR2_UniPHY/DE4_QSYS/synthesis/submodules/altera_reset_synchronizer.v
Error: Generation stopped, 3 or more modules remaining
Info: DE4_QSYS: Done DE4_QSYS" with 49 modules, 310 files, 5566130 bytes
Error: ip-generate failed with exit code 1: 216 Errors, 1 Warning
Info: Finished: Create HDL design files for synthesis
