Info: Starting: Create block symbol file (.bsf)
Info: ip-generate --project-directory=C:/DE4_DDR2_UniPHY/ --output-directory=C:/DE4_DDR2_UniPHY/DE4_QSYS/ --report-file=bsf:C:/DE4_DDR2_UniPHY/DE4_QSYS.bsf --system-info=DEVICE_FAMILY="Stratix IV" --system-info=DEVICE=EP4SGX230KF40C2 --system-info=DEVICE_SPEEDGRADE=2 --component-file=C:/DE4_DDR2_UniPHY/DE4_QSYS.qsys
Progress: Loading DE4_DDR2_UniPHY/DE4_QSYS.qsys
Progress: Reading input file
Progress: Adding clk_50_bank3 [clock_source 12.1]
Progress: Parameterizing module clk_50_bank3
Progress: Adding onchip_memory [altera_avalon_onchip_memory2 12.1]
Progress: Parameterizing module onchip_memory
Progress: Adding mem_if_ddr2_emif [altera_mem_if_ddr2_emif 12.1]
Progress: Parameterizing module mem_if_ddr2_emif
Progress: Adding nios2_qsys [altera_nios2_qsys 12.1]
Progress: Parameterizing module nios2_qsys
Progress: Adding jtag_uart [altera_avalon_jtag_uart 12.1]
Progress: Parameterizing module jtag_uart
Progress: Adding sysid [altera_avalon_sysid_qsys 12.1]
Progress: Parameterizing module sysid
Progress: Adding timer [altera_avalon_timer 12.1]
Progress: Parameterizing module timer
Progress: Adding led [altera_avalon_pio 12.1]
Progress: Parameterizing module led
Progress: Adding button [altera_avalon_pio 12.1]
Progress: Parameterizing module button
Progress: Adding mm_clock_crossing_bridge_io [altera_avalon_mm_clock_crossing_bridge 12.1]
Progress: Parameterizing module mm_clock_crossing_bridge_io
Progress: Adding ddr2_i2c_scl [altera_avalon_pio 12.1]
Progress: Parameterizing module ddr2_i2c_scl
Progress: Adding ddr2_i2c_sda [altera_avalon_pio 12.1]
Progress: Parameterizing module ddr2_i2c_sda
Progress: Adding spi [altera_avalon_spi 12.1]
Progress: Parameterizing module spi
Progress: Adding mem_if_ddr2_emif_0 [altera_mem_if_ddr2_emif 12.1]
Progress: Parameterizing module mem_if_ddr2_emif_0
Progress: Adding clk_0_bank4 [clock_source 12.1]
Progress: Parameterizing module clk_0_bank4
Progress: Adding mm_clock_crossing_bridge_io_0 [altera_avalon_mm_clock_crossing_bridge 12.1]
Progress: Parameterizing module mm_clock_crossing_bridge_io_0
Progress: Building connections
Progress: Parameterizing connections
Progress: Validating
Progress: Done reading input file
Info: DE4_QSYS.onchip_memory: Memory will be initialized from onchip_memory.hex
Info: DE4_QSYS.nios2_qsys: CPUID control register value is 0. Please manually assign CPUID if creating multiple Nios II system
Info: DE4_QSYS.sysid: System ID is not assigned automatically. Edit the System ID parameter to provide a unique ID
Info: DE4_QSYS.sysid: Time stamp will be automatically updated when this component is generated.
Info: DE4_QSYS.button: PIO inputs are not hardwired in test bench. Undefined values will be read from PIO inputs during simulation.
Info: ip-generate succeeded.
Info: Finished: Create block symbol file (.bsf)
Info: 
Info: Starting: Create HDL design files for synthesis
Info: ip-generate --project-directory=C:/DE4_DDR2_UniPHY/ --output-directory=C:/DE4_DDR2_UniPHY/DE4_QSYS/synthesis/ --file-set=QUARTUS_SYNTH --report-file=sopcinfo:C:/DE4_DDR2_UniPHY/DE4_QSYS.sopcinfo --report-file=html:C:/DE4_DDR2_UniPHY/DE4_QSYS.html --report-file=qip:C:/DE4_DDR2_UniPHY/DE4_QSYS/synthesis/DE4_QSYS.qip --report-file=cmp:C:/DE4_DDR2_UniPHY/DE4_QSYS.cmp --system-info=DEVICE_FAMILY="Stratix IV" --system-info=DEVICE=EP4SGX230KF40C2 --system-info=DEVICE_SPEEDGRADE=2 --component-file=C:/DE4_DDR2_UniPHY/DE4_QSYS.qsys
Progress: Loading DE4_DDR2_UniPHY/DE4_QSYS.qsys
Progress: Reading input file
Progress: Adding clk_50_bank3 [clock_source 12.1]
Progress: Parameterizing module clk_50_bank3
Progress: Adding onchip_memory [altera_avalon_onchip_memory2 12.1]
Progress: Parameterizing module onchip_memory
Progress: Adding mem_if_ddr2_emif [altera_mem_if_ddr2_emif 12.1]
Progress: Parameterizing module mem_if_ddr2_emif
Progress: Adding nios2_qsys [altera_nios2_qsys 12.1]
Progress: Parameterizing module nios2_qsys
Progress: Adding jtag_uart [altera_avalon_jtag_uart 12.1]
Progress: Parameterizing module jtag_uart
Progress: Adding sysid [altera_avalon_sysid_qsys 12.1]
Progress: Parameterizing module sysid
Progress: Adding timer [altera_avalon_timer 12.1]
Progress: Parameterizing module timer
Progress: Adding led [altera_avalon_pio 12.1]
Progress: Parameterizing module led
Progress: Adding button [altera_avalon_pio 12.1]
Progress: Parameterizing module button
Progress: Adding mm_clock_crossing_bridge_io [altera_avalon_mm_clock_crossing_bridge 12.1]
Progress: Parameterizing module mm_clock_crossing_bridge_io
Progress: Adding ddr2_i2c_scl [altera_avalon_pio 12.1]
Progress: Parameterizing module ddr2_i2c_scl
Progress: Adding ddr2_i2c_sda [altera_avalon_pio 12.1]
Progress: Parameterizing module ddr2_i2c_sda
Progress: Adding spi [altera_avalon_spi 12.1]
Progress: Parameterizing module spi
Progress: Adding mem_if_ddr2_emif_0 [altera_mem_if_ddr2_emif 12.1]
Progress: Parameterizing module mem_if_ddr2_emif_0
Progress: Adding clk_0_bank4 [clock_source 12.1]
Progress: Parameterizing module clk_0_bank4
Progress: Adding mm_clock_crossing_bridge_io_0 [altera_avalon_mm_clock_crossing_bridge 12.1]
Progress: Parameterizing module mm_clock_crossing_bridge_io_0
Progress: Building connections
Progress: Parameterizing connections
Progress: Validating
Progress: Done reading input file
Info: DE4_QSYS.onchip_memory: Memory will be initialized from onchip_memory.hex
Info: DE4_QSYS.nios2_qsys: CPUID control register value is 0. Please manually assign CPUID if creating multiple Nios II system
Info: DE4_QSYS.sysid: System ID is not assigned automatically. Edit the System ID parameter to provide a unique ID
Info: DE4_QSYS.sysid: Time stamp will be automatically updated when this component is generated.
Info: DE4_QSYS.button: PIO inputs are not hardwired in test bench. Undefined values will be read from PIO inputs during simulation.
Info: DE4_QSYS: Generating DE4_QSYS "DE4_QSYS" for QUARTUS_SYNTH
Info: pipeline_bridge_swap_transform: After transform: 9 modules, 29 connections
Info: No custom instruction connections, skipping transform 
Info: merlin_translator_transform: After transform: 19 modules, 59 connections
Info: merlin_domain_transform: After transform: 38 modules, 159 connections
Info: merlin_router_transform: After transform: 48 modules, 189 connections
Info: merlin_traffic_limiter_transform: After transform: 50 modules, 197 connections
Info: merlin_burst_transform: After transform: 58 modules, 221 connections
Info: reset_adaptation_transform: After transform: 59 modules, 223 connections
Info: merlin_network_to_switch_transform: After transform: 78 modules, 263 connections
Info: limiter_update_transform: After transform: 78 modules, 265 connections
Info: merlin_interrupt_mapper_transform: After transform: 79 modules, 268 connections
Info: Starting classic module elaboration.
"c:/altera/12.1/quartus/bin/jre/bin/java.exe" -Xmx512M -classpath "c:/altera/12.1/quartus/sopc_builder/bin/sopc_builder.jar;c:/altera/12.1/quartus/sopc_builder/bin/PinAssigner.jar;c:/altera/12.1/quartus/sopc_builder/bin/sopc_wizard.jar;c:/altera/12.1/quartus/sopc_builder/bin/jptf.jar" sopc_builder.sopc_builder  -d"c:/altera/12.1/quartus/sopc_builder" -notalkback=1 -projectnameyysystem.qpf -projectpathC:/Users/dominiho/AppData/Local/Temp/alt5679_3570762249367456878.dir/0001_sopclgen  --no_splash --refresh C:/Users/dominiho/AppData/Local/Temp/alt5679_3570762249367456878.dir/0001_sopclgen/yysystem.v --quartus_dir="c:/altera/12.1/quartus" --sopc_perl="c:/altera/12.1/quartus/bin/perl" --sopc_lib_path="++c:/altera/12.1/quartus/../ip/altera/sopc_builder_ip+c:/altera/12.1/quartus/../ip/altera/nios2_ip"
Info: Finished elaborating classic module.
Executing: C:/altera/12.1/quartus//sopc_builder/bin/sopc_builder --classic --generate C:/Users/dominiho/AppData/Local/Temp/alt5679_3570762249367456878.dir/0001_sopclgen/yysystem.ptf
Info: Running sopc_builder...
"c:/altera/12.1/quartus/bin/jre/bin/java.exe" -Xmx512M -classpath "c:/altera/12.1/quartus/sopc_builder/bin/sopc_builder.jar;c:/altera/12.1/quartus/sopc_builder/bin/PinAssigner.jar;c:/altera/12.1/quartus/sopc_builder/bin/sopc_wizard.jar;c:/altera/12.1/quartus/sopc_builder/bin/jptf.jar" sopc_builder.sopc_builder  -d"c:/altera/12.1/quartus/sopc_builder" -notalkback=1 -projectnameyysystem.qpf -projectpathC:/Users/dominiho/AppData/Local/Temp/alt5679_3570762249367456878.dir/0001_sopclgen  --generate C:/Users/dominiho/AppData/Local/Temp/alt5679_3570762249367456878.dir/0001_sopclgen/yysystem.v --quartus_dir="c:/altera/12.1/quartus" --sopc_perl="c:/altera/12.1/quartus/bin/perl" --sopc_lib_path="++c:/altera/12.1/quartus/../ip/altera/sopc_builder_ip+c:/altera/12.1/quartus/../ip/altera/nios2_ip"
No .sopc_builder configuration file(!)
.
# 2012.12.05 13:51:04 (*) Success: sopc_builder finished.
Info: onchip_memory: "DE4_QSYS" instantiated altera_avalon_onchip_memory2 "onchip_memory"
Info: nios2_qsys: Starting RTL generation for module 'DE4_QSYS_nios2_qsys'
Info: nios2_qsys:   Generation command is [exec C:/altera/12.1/quartus/../ip/altera/nios2_ip/altera_nios2/eperl.exe -I C:/altera/12.1/quartus/common/ip/altera/common/perl/5.8.3 -I C:/altera/12.1/quartus/sopc_builder/bin/europa -I C:/altera/12.1/quartus/sopc_builder/bin/perl_lib -I C:/altera/12.1/quartus/sopc_builder/bin -I C:/altera/12.1/quartus/../ip/altera/nios2_ip/altera_nios2/cpu_lib -I C:/altera/12.1/quartus/../ip/altera/nios2_ip/altera_nios2/nios_lib -I C:/altera/12.1/quartus/../ip/altera/nios2_ip/altera_nios2 -I C:/altera/12.1/quartus/../ip/altera/nios2_ip/altera_nios2 -- C:/altera/12.1/quartus/../ip/altera/nios2_ip/altera_nios2/generate_rtl.epl --name=DE4_QSYS_nios2_qsys --dir=C:/Users/dominiho/AppData/Local/Temp/alt5679_3570762249367456878.dir/0002_nios2_qsys_gen/ --quartus_dir=C:/altera/12.1/quartus --verilog --config=C:/Users/dominiho/AppData/Local/Temp/alt5679_3570762249367456878.dir/0002_nios2_qsys_gen//DE4_QSYS_nios2_qsys_processor_configuration.pl  --do_build_sim=0    --bogus  ]
Info: nios2_qsys: # 2012.12.05 13:51:06 (*) Starting Nios II generation
Info: nios2_qsys: # 2012.12.05 13:51:06 (*)   Checking for plaintext license.
Info: nios2_qsys: # 2012.12.05 13:51:08 (*)   Plaintext license not found.
Info: nios2_qsys: # 2012.12.05 13:51:08 (*)   Checking for encrypted license (non-evaluation).
Info: nios2_qsys: # 2012.12.05 13:51:09 (*)   Encrypted license found.  SOF will not be time-limited.
Info: nios2_qsys: # 2012.12.05 13:51:09 (*)   Elaborating CPU configuration settings
Info: nios2_qsys: # 2012.12.05 13:51:09 (*)   Creating all objects for CPU
Info: nios2_qsys: # 2012.12.05 13:51:09 (*)     Testbench
Info: nios2_qsys: # 2012.12.05 13:51:09 (*)     Instruction decoding
Info: nios2_qsys: # 2012.12.05 13:51:09 (*)       Instruction fields
Info: nios2_qsys: # 2012.12.05 13:51:09 (*)       Instruction decodes
Info: nios2_qsys: # 2012.12.05 13:51:10 (*)       Signals for RTL simulation waveforms
Info: nios2_qsys: # 2012.12.05 13:51:10 (*)       Instruction controls
Info: nios2_qsys: # 2012.12.05 13:51:10 (*)     Pipeline frontend
Info: nios2_qsys: # 2012.12.05 13:51:10 (*)     Pipeline backend
Info: nios2_qsys: # 2012.12.05 13:51:13 (*)   Generating RTL from CPU objects
Info: nios2_qsys: # 2012.12.05 13:51:18 (*)   Creating encrypted RTL
Info: nios2_qsys: # 2012.12.05 13:51:19 (*) Done Nios II generation
Info: nios2_qsys: Done RTL generation for module 'DE4_QSYS_nios2_qsys'
Info: nios2_qsys: "DE4_QSYS" instantiated altera_nios2_qsys "nios2_qsys"
Info: Starting classic module elaboration.
"c:/altera/12.1/quartus/bin/jre/bin/java.exe" -Xmx512M -classpath "c:/altera/12.1/quartus/sopc_builder/bin/sopc_builder.jar;c:/altera/12.1/quartus/sopc_builder/bin/PinAssigner.jar;c:/altera/12.1/quartus/sopc_builder/bin/sopc_wizard.jar;c:/altera/12.1/quartus/sopc_builder/bin/jptf.jar" sopc_builder.sopc_builder  -d"c:/altera/12.1/quartus/sopc_builder" -notalkback=1 -projectnameyysystem.qpf -projectpathC:/Users/dominiho/AppData/Local/Temp/alt5679_3570762249367456878.dir/0003_sopclgen  --no_splash --refresh C:/Users/dominiho/AppData/Local/Temp/alt5679_3570762249367456878.dir/0003_sopclgen/yysystem.v --quartus_dir="c:/altera/12.1/quartus" --sopc_perl="c:/altera/12.1/quartus/bin/perl" --sopc_lib_path="++c:/altera/12.1/quartus/../ip/altera/sopc_builder_ip+c:/altera/12.1/quartus/../ip/altera/nios2_ip"
Info: Finished elaborating classic module.
Executing: C:/altera/12.1/quartus//sopc_builder/bin/sopc_builder --classic --generate C:/Users/dominiho/AppData/Local/Temp/alt5679_3570762249367456878.dir/0003_sopclgen/yysystem.ptf
Info: Running sopc_builder...
"c:/altera/12.1/quartus/bin/jre/bin/java.exe" -Xmx512M -classpath "c:/altera/12.1/quartus/sopc_builder/bin/sopc_builder.jar;c:/altera/12.1/quartus/sopc_builder/bin/PinAssigner.jar;c:/altera/12.1/quartus/sopc_builder/bin/sopc_wizard.jar;c:/altera/12.1/quartus/sopc_builder/bin/jptf.jar" sopc_builder.sopc_builder  -d"c:/altera/12.1/quartus/sopc_builder" -notalkback=1 -projectnameyysystem.qpf -projectpathC:/Users/dominiho/AppData/Local/Temp/alt5679_3570762249367456878.dir/0003_sopclgen  --generate C:/Users/dominiho/AppData/Local/Temp/alt5679_3570762249367456878.dir/0003_sopclgen/yysystem.v --quartus_dir="c:/altera/12.1/quartus" --sopc_perl="c:/altera/12.1/quartus/bin/perl" --sopc_lib_path="++c:/altera/12.1/quartus/../ip/altera/sopc_builder_ip+c:/altera/12.1/quartus/../ip/altera/nios2_ip"
No .sopc_builder configuration file(!)
.
# 2012.12.05 13:51:25 (*) Success: sopc_builder finished.
Info: jtag_uart: "DE4_QSYS" instantiated altera_avalon_jtag_uart "jtag_uart"
Info: sysid: "DE4_QSYS" instantiated altera_avalon_sysid_qsys "sysid"
Info: Starting classic module elaboration.
"c:/altera/12.1/quartus/bin/jre/bin/java.exe" -Xmx512M -classpath "c:/altera/12.1/quartus/sopc_builder/bin/sopc_builder.jar;c:/altera/12.1/quartus/sopc_builder/bin/PinAssigner.jar;c:/altera/12.1/quartus/sopc_builder/bin/sopc_wizard.jar;c:/altera/12.1/quartus/sopc_builder/bin/jptf.jar" sopc_builder.sopc_builder  -d"c:/altera/12.1/quartus/sopc_builder" -notalkback=1 -projectnameyysystem.qpf -projectpathC:/Users/dominiho/AppData/Local/Temp/alt5679_3570762249367456878.dir/0005_sopclgen  --no_splash --refresh C:/Users/dominiho/AppData/Local/Temp/alt5679_3570762249367456878.dir/0005_sopclgen/yysystem.v --quartus_dir="c:/altera/12.1/quartus" --sopc_perl="c:/altera/12.1/quartus/bin/perl" --sopc_lib_path="++c:/altera/12.1/quartus/../ip/altera/sopc_builder_ip+c:/altera/12.1/quartus/../ip/altera/nios2_ip"
Info: Finished elaborating classic module.
Executing: C:/altera/12.1/quartus//sopc_builder/bin/sopc_builder --classic --generate C:/Users/dominiho/AppData/Local/Temp/alt5679_3570762249367456878.dir/0005_sopclgen/yysystem.ptf
Info: Running sopc_builder...
"c:/altera/12.1/quartus/bin/jre/bin/java.exe" -Xmx512M -classpath "c:/altera/12.1/quartus/sopc_builder/bin/sopc_builder.jar;c:/altera/12.1/quartus/sopc_builder/bin/PinAssigner.jar;c:/altera/12.1/quartus/sopc_builder/bin/sopc_wizard.jar;c:/altera/12.1/quartus/sopc_builder/bin/jptf.jar" sopc_builder.sopc_builder  -d"c:/altera/12.1/quartus/sopc_builder" -notalkback=1 -projectnameyysystem.qpf -projectpathC:/Users/dominiho/AppData/Local/Temp/alt5679_3570762249367456878.dir/0005_sopclgen  --generate C:/Users/dominiho/AppData/Local/Temp/alt5679_3570762249367456878.dir/0005_sopclgen/yysystem.v --quartus_dir="c:/altera/12.1/quartus" --sopc_perl="c:/altera/12.1/quartus/bin/perl" --sopc_lib_path="++c:/altera/12.1/quartus/../ip/altera/sopc_builder_ip+c:/altera/12.1/quartus/../ip/altera/nios2_ip"
No .sopc_builder configuration file(!)
.
# 2012.12.05 13:51:31 (*) Success: sopc_builder finished.
Info: timer: "DE4_QSYS" instantiated altera_avalon_timer "timer"
Info: Starting classic module elaboration.
"c:/altera/12.1/quartus/bin/jre/bin/java.exe" -Xmx512M -classpath "c:/altera/12.1/quartus/sopc_builder/bin/sopc_builder.jar;c:/altera/12.1/quartus/sopc_builder/bin/PinAssigner.jar;c:/altera/12.1/quartus/sopc_builder/bin/sopc_wizard.jar;c:/altera/12.1/quartus/sopc_builder/bin/jptf.jar" sopc_builder.sopc_builder  -d"c:/altera/12.1/quartus/sopc_builder" -notalkback=1 -projectnameyysystem.qpf -projectpathC:/Users/dominiho/AppData/Local/Temp/alt5679_3570762249367456878.dir/0006_sopclgen  --no_splash --refresh C:/Users/dominiho/AppData/Local/Temp/alt5679_3570762249367456878.dir/0006_sopclgen/yysystem.v --quartus_dir="c:/altera/12.1/quartus" --sopc_perl="c:/altera/12.1/quartus/bin/perl" --sopc_lib_path="++c:/altera/12.1/quartus/../ip/altera/sopc_builder_ip+c:/altera/12.1/quartus/../ip/altera/nios2_ip"
Info: Finished elaborating classic module.
Executing: C:/altera/12.1/quartus//sopc_builder/bin/sopc_builder --classic --generate C:/Users/dominiho/AppData/Local/Temp/alt5679_3570762249367456878.dir/0006_sopclgen/yysystem.ptf
Info: Running sopc_builder...
"c:/altera/12.1/quartus/bin/jre/bin/java.exe" -Xmx512M -classpath "c:/altera/12.1/quartus/sopc_builder/bin/sopc_builder.jar;c:/altera/12.1/quartus/sopc_builder/bin/PinAssigner.jar;c:/altera/12.1/quartus/sopc_builder/bin/sopc_wizard.jar;c:/altera/12.1/quartus/sopc_builder/bin/jptf.jar" sopc_builder.sopc_builder  -d"c:/altera/12.1/quartus/sopc_builder" -notalkback=1 -projectnameyysystem.qpf -projectpathC:/Users/dominiho/AppData/Local/Temp/alt5679_3570762249367456878.dir/0006_sopclgen  --generate C:/Users/dominiho/AppData/Local/Temp/alt5679_3570762249367456878.dir/0006_sopclgen/yysystem.v --quartus_dir="c:/altera/12.1/quartus" --sopc_perl="c:/altera/12.1/quartus/bin/perl" --sopc_lib_path="++c:/altera/12.1/quartus/../ip/altera/sopc_builder_ip+c:/altera/12.1/quartus/../ip/altera/nios2_ip"
No .sopc_builder configuration file(!)
.
# 2012.12.05 13:51:36 (*) Success: sopc_builder finished.
Info: led: "DE4_QSYS" instantiated altera_avalon_pio "led"
Info: Starting classic module elaboration.
"c:/altera/12.1/quartus/bin/jre/bin/java.exe" -Xmx512M -classpath "c:/altera/12.1/quartus/sopc_builder/bin/sopc_builder.jar;c:/altera/12.1/quartus/sopc_builder/bin/PinAssigner.jar;c:/altera/12.1/quartus/sopc_builder/bin/sopc_wizard.jar;c:/altera/12.1/quartus/sopc_builder/bin/jptf.jar" sopc_builder.sopc_builder  -d"c:/altera/12.1/quartus/sopc_builder" -notalkback=1 -projectnameyysystem.qpf -projectpathC:/Users/dominiho/AppData/Local/Temp/alt5679_3570762249367456878.dir/0007_sopclgen  --no_splash --refresh C:/Users/dominiho/AppData/Local/Temp/alt5679_3570762249367456878.dir/0007_sopclgen/yysystem.v --quartus_dir="c:/altera/12.1/quartus" --sopc_perl="c:/altera/12.1/quartus/bin/perl" --sopc_lib_path="++c:/altera/12.1/quartus/../ip/altera/sopc_builder_ip+c:/altera/12.1/quartus/../ip/altera/nios2_ip"
Info: Finished elaborating classic module.
Executing: C:/altera/12.1/quartus//sopc_builder/bin/sopc_builder --classic --generate C:/Users/dominiho/AppData/Local/Temp/alt5679_3570762249367456878.dir/0007_sopclgen/yysystem.ptf
Info: Running sopc_builder...
"c:/altera/12.1/quartus/bin/jre/bin/java.exe" -Xmx512M -classpath "c:/altera/12.1/quartus/sopc_builder/bin/sopc_builder.jar;c:/altera/12.1/quartus/sopc_builder/bin/PinAssigner.jar;c:/altera/12.1/quartus/sopc_builder/bin/sopc_wizard.jar;c:/altera/12.1/quartus/sopc_builder/bin/jptf.jar" sopc_builder.sopc_builder  -d"c:/altera/12.1/quartus/sopc_builder" -notalkback=1 -projectnameyysystem.qpf -projectpathC:/Users/dominiho/AppData/Local/Temp/alt5679_3570762249367456878.dir/0007_sopclgen  --generate C:/Users/dominiho/AppData/Local/Temp/alt5679_3570762249367456878.dir/0007_sopclgen/yysystem.v --quartus_dir="c:/altera/12.1/quartus" --sopc_perl="c:/altera/12.1/quartus/bin/perl" --sopc_lib_path="++c:/altera/12.1/quartus/../ip/altera/sopc_builder_ip+c:/altera/12.1/quartus/../ip/altera/nios2_ip"
No .sopc_builder configuration file(!)
.
# 2012.12.05 13:51:42 (*) Success: sopc_builder finished.
Info: button: "DE4_QSYS" instantiated altera_avalon_pio "button"
Info: Starting classic module elaboration.
"c:/altera/12.1/quartus/bin/jre/bin/java.exe" -Xmx512M -classpath "c:/altera/12.1/quartus/sopc_builder/bin/sopc_builder.jar;c:/altera/12.1/quartus/sopc_builder/bin/PinAssigner.jar;c:/altera/12.1/quartus/sopc_builder/bin/sopc_wizard.jar;c:/altera/12.1/quartus/sopc_builder/bin/jptf.jar" sopc_builder.sopc_builder  -d"c:/altera/12.1/quartus/sopc_builder" -notalkback=1 -projectnameyysystem.qpf -projectpathC:/Users/dominiho/AppData/Local/Temp/alt5679_3570762249367456878.dir/0008_sopclgen  --no_splash --refresh C:/Users/dominiho/AppData/Local/Temp/alt5679_3570762249367456878.dir/0008_sopclgen/yysystem.v --quartus_dir="c:/altera/12.1/quartus" --sopc_perl="c:/altera/12.1/quartus/bin/perl" --sopc_lib_path="++c:/altera/12.1/quartus/../ip/altera/sopc_builder_ip+c:/altera/12.1/quartus/../ip/altera/nios2_ip"
Info: Finished elaborating classic module.
Executing: C:/altera/12.1/quartus//sopc_builder/bin/sopc_builder --classic --generate C:/Users/dominiho/AppData/Local/Temp/alt5679_3570762249367456878.dir/0008_sopclgen/yysystem.ptf
Info: Running sopc_builder...
"c:/altera/12.1/quartus/bin/jre/bin/java.exe" -Xmx512M -classpath "c:/altera/12.1/quartus/sopc_builder/bin/sopc_builder.jar;c:/altera/12.1/quartus/sopc_builder/bin/PinAssigner.jar;c:/altera/12.1/quartus/sopc_builder/bin/sopc_wizard.jar;c:/altera/12.1/quartus/sopc_builder/bin/jptf.jar" sopc_builder.sopc_builder  -d"c:/altera/12.1/quartus/sopc_builder" -notalkback=1 -projectnameyysystem.qpf -projectpathC:/Users/dominiho/AppData/Local/Temp/alt5679_3570762249367456878.dir/0008_sopclgen  --generate C:/Users/dominiho/AppData/Local/Temp/alt5679_3570762249367456878.dir/0008_sopclgen/yysystem.v --quartus_dir="c:/altera/12.1/quartus" --sopc_perl="c:/altera/12.1/quartus/bin/perl" --sopc_lib_path="++c:/altera/12.1/quartus/../ip/altera/sopc_builder_ip+c:/altera/12.1/quartus/../ip/altera/nios2_ip"
No .sopc_builder configuration file(!)
.
# 2012.12.05 13:51:48 (*) Success: sopc_builder finished.
Info: spi: "DE4_QSYS" instantiated altera_avalon_spi "spi"
Info: nios2_qsys_instruction_master_translator: "DE4_QSYS" instantiated altera_merlin_master_translator "nios2_qsys_instruction_master_translator"
Info: nios2_qsys_jtag_debug_module_translator: "DE4_QSYS" instantiated altera_merlin_slave_translator "nios2_qsys_jtag_debug_module_translator"
Info: nios2_qsys_instruction_master_translator_avalon_universal_master_0_agent: "DE4_QSYS" instantiated altera_merlin_master_agent "nios2_qsys_instruction_master_translator_avalon_universal_master_0_agent"
Info: nios2_qsys_jtag_debug_module_translator_avalon_universal_slave_0_agent: "DE4_QSYS" instantiated altera_merlin_slave_agent "nios2_qsys_jtag_debug_module_translator_avalon_universal_slave_0_agent"
Info: nios2_qsys_jtag_debug_module_translator_avalon_universal_slave_0_agent_rsp_fifo: "DE4_QSYS" instantiated altera_avalon_sc_fifo "nios2_qsys_jtag_debug_module_translator_avalon_universal_slave_0_agent_rsp_fifo"
Info: addr_router: "DE4_QSYS" instantiated altera_merlin_router "addr_router"
Info: addr_router_001: "DE4_QSYS" instantiated altera_merlin_router "addr_router_001"
Info: id_router: "DE4_QSYS" instantiated altera_merlin_router "id_router"
Info: id_router_002: "DE4_QSYS" instantiated altera_merlin_router "id_router_002"
Info: limiter: "DE4_QSYS" instantiated altera_merlin_traffic_limiter "limiter"
Info: burst_adapter: "DE4_QSYS" instantiated altera_merlin_burst_adapter "burst_adapter"
Info: rst_controller: "DE4_QSYS" instantiated altera_reset_controller "rst_controller"
Info: cmd_xbar_demux: "DE4_QSYS" instantiated altera_merlin_demultiplexer "cmd_xbar_demux"
Info: cmd_xbar_demux_001: "DE4_QSYS" instantiated altera_merlin_demultiplexer "cmd_xbar_demux_001"
Info: cmd_xbar_mux: "DE4_QSYS" instantiated altera_merlin_multiplexer "cmd_xbar_mux"
Info: rsp_xbar_demux: "DE4_QSYS" instantiated altera_merlin_demultiplexer "rsp_xbar_demux"
Info: rsp_xbar_demux_002: "DE4_QSYS" instantiated altera_merlin_demultiplexer "rsp_xbar_demux_002"
Info: rsp_xbar_mux: "DE4_QSYS" instantiated altera_merlin_multiplexer "rsp_xbar_mux"
Info: Reusing file C:/DE4_DDR2_UniPHY/DE4_QSYS/synthesis/submodules/altera_merlin_arbitrator.sv
Info: rsp_xbar_mux_001: "DE4_QSYS" instantiated altera_merlin_multiplexer "rsp_xbar_mux_001"
Info: Reusing file C:/DE4_DDR2_UniPHY/DE4_QSYS/synthesis/submodules/altera_merlin_arbitrator.sv
Info: irq_mapper: "DE4_QSYS" instantiated altera_irq_mapper "irq_mapper"
Info: DE4_QSYS: Done DE4_QSYS" with 29 modules, 113 files, 3102688 bytes
Info: ip-generate succeeded.
Info: Finished: Create HDL design files for synthesis
